[18:40:19] [modloading-worker-0/INFO] ========================================
[18:40:19] [modloading-worker-0/INFO] Minecraft: 1.20.1
[18:40:19] [modloading-worker-0/INFO] Side: server
[18:40:19] [modloading-worker-0/INFO] Development: false
[18:40:19] [modloading-worker-0/INFO] Version: 12.1.785
[18:40:19] [modloading-worker-0/INFO] Loader:
[18:40:19] [modloading-worker-0/INFO] - Forge: 47.4.10
[18:40:19] [modloading-worker-0/INFO] Dependencies:
[18:40:19] [modloading-worker-0/INFO] - Cloth Config: 11.1.136
[18:40:19] [modloading-worker-0/INFO] - Architectury: 9.2.14
[18:40:19] [modloading-worker-0/INFO] Mixin: 0.8.5
[18:40:19] [modloading-worker-0/INFO] OS: Linux 6.8.0-1044-azure (amd64)
[18:40:19] [modloading-worker-0/INFO] Java: 17.0.18 (Ubuntu)
[18:40:19] [modloading-worker-0/INFO] ========================================
[18:40:19] [modloading-worker-0/INFO] Mods:
[18:40:19] [modloading-worker-0/INFO] - ambientsounds: 6.3.4
[18:40:19] [modloading-worker-0/INFO] - another_furniture: 1.20.1-3.0.4
[18:40:19] [modloading-worker-0/INFO] - appleskin: 2.5.1+mc1.20.1
[18:40:19] [modloading-worker-0/INFO] - aquaculture: 2.5.7
[18:40:19] [modloading-worker-0/INFO] - architectury: 9.2.14
[18:40:19] [modloading-worker-0/INFO] - athena: 3.1.2
[18:40:19] [modloading-worker-0/INFO] - atistructures: 1.4.0
[18:40:19] [modloading-worker-0/INFO] - balm: 7.3.38
[18:40:19] [modloading-worker-0/INFO] - bendylib: 4.0.0
[18:40:19] [modloading-worker-0/INFO] - betteradvancements: 0.3.2.161
[18:40:19] [modloading-worker-0/INFO] - bettercombat: 1.9.0+1.20.1
[18:40:19] [modloading-worker-0/INFO] - betterdungeons: 1.20-Forge-4.0.4
[18:40:19] [modloading-worker-0/INFO] - betterfortresses: 1.20-Forge-2.0.6
[18:40:19] [modloading-worker-0/INFO] - bettermineshafts: 1.20-Forge-4.0.4
[18:40:19] [modloading-worker-0/INFO] - betterstrongholds: 1.20-Forge-4.0.3
[18:40:19] [modloading-worker-0/INFO] - bettervillage: 3.3.1
[18:40:19] [modloading-worker-0/INFO] - biomesoplenty: 19.0.0.96
[18:40:19] [modloading-worker-0/INFO] - born_in_chaos_v1: 1.7.3
[18:40:19] [modloading-worker-0/INFO] - butchery: 4.7.1
[18:40:19] [modloading-worker-0/INFO] - carryon: 2.1.2.7
[18:40:19] [modloading-worker-0/INFO] - catalogue: 1.8.0
[18:40:19] [modloading-worker-0/INFO] - cfm: 7.0.0-pre36
[18:40:19] [modloading-worker-0/INFO] - cloth_config: 11.1.136
[18:40:19] [modloading-worker-0/INFO] - commongroovylibrary: 0.3.3
[18:40:19] [modloading-worker-0/INFO] - coroutil: 1.20.1-1.3.7
[18:40:19] [modloading-worker-0/INFO] - creativecore: 2.12.35
[18:40:19] [modloading-worker-0/INFO] - dungeonnowloading: 2.11
[18:40:19] [modloading-worker-0/INFO] - dungeons_arise: 2.1.58-1.20.x
[18:40:19] [modloading-worker-0/INFO] - dungeons_enhanced: 5.4.3
[18:40:19] [modloading-worker-0/INFO] - dungeonsdelight: 1.2.10
[18:40:19] [modloading-worker-0/INFO] - easyanvils: 8.0.2
[18:40:19] [modloading-worker-0/INFO] - easymagic: 8.0.1
[18:40:19] [modloading-worker-0/INFO] - eatinganimation: 5.1.0
[18:40:19] [modloading-worker-0/INFO] - ecologics: 2.2.4
[18:40:19] [modloading-worker-0/INFO] - embeddium: 0.3.31+mc1.20.1
[18:40:19] [modloading-worker-0/INFO] - fabric_api: 0.92.6+1.11.14+1.20.1
[18:40:19] [modloading-worker-0/INFO] - fabric_api_base: 0.4.32+ef105b4977
[18:40:19] [modloading-worker-0/INFO] - fabric_api_lookup_api_v1: 1.6.37+67f9824077
[18:40:19] [modloading-worker-0/INFO] - fabric_biome_api_v1: 13.0.14+dc36698e77
[18:40:19] [modloading-worker-0/INFO] - fabric_block_api_v1: 1.0.12+0e6cb7f777
[18:40:19] [modloading-worker-0/INFO] - fabric_block_view_api_v2: 1.0.3+53347ba977
[18:40:19] [modloading-worker-0/INFO] - fabric_blockrenderlayer_v1: 1.1.42+1d0da21e77
[18:40:19] [modloading-worker-0/INFO] - fabric_client_tags_api_v1: 1.1.3+5d6761b877
[18:40:19] [modloading-worker-0/INFO] - fabric_command_api_v1: 1.2.35+f71b366f77
[18:40:19] [modloading-worker-0/INFO] - fabric_command_api_v2: 2.2.14+561530ec77
[18:40:19] [modloading-worker-0/INFO] - fabric_content_registries_v0: 4.0.13+a670df1e77
[18:40:19] [modloading-worker-0/INFO] - fabric_convention_tags_v1: 1.5.6+fa3d1c0177
[18:40:19] [modloading-worker-0/INFO] - fabric_data_attachment_api_v1: 1.0.2+30ef839e77
[18:40:19] [modloading-worker-0/INFO] - fabric_data_generation_api_v1: 12.3.7+369cb3a477
[18:40:19] [modloading-worker-0/INFO] - fabric_dimensions_v1: 2.1.55+8005d10d77
[18:40:19] [modloading-worker-0/INFO] - fabric_entity_events_v1: 1.6.1+4ca7515277
[18:40:19] [modloading-worker-0/INFO] - fabric_events_interaction_v0: 0.6.5+0f26153f77
[18:40:19] [modloading-worker-0/INFO] - fabric_game_rule_api_v1: 1.0.41+683d4da877
[18:40:19] [modloading-worker-0/INFO] - fabric_item_api_v1: 2.1.29+4d0bbcfa77
[18:40:19] [modloading-worker-0/INFO] - fabric_item_group_api_v1: 4.0.14+c9161c2d77
[18:40:19] [modloading-worker-0/INFO] - fabric_key_binding_api_v1: 1.0.38+561530ec77
[18:40:19] [modloading-worker-0/INFO] - fabric_lifecycle_events_v1: 2.2.23+afab492177
[18:40:19] [modloading-worker-0/INFO] - fabric_loot_api_v2: 1.2.3+eb28f93e77
[18:40:19] [modloading-worker-0/INFO] - fabric_message_api_v1: 5.1.10+52cc178c77
[18:40:19] [modloading-worker-0/INFO] - fabric_mining_level_api_v1: 2.1.52+561530ec77
[18:40:19] [modloading-worker-0/INFO] - fabric_model_loading_api_v1: 1.0.4+6274ab9d77
[18:40:19] [modloading-worker-0/INFO] - fabric_models_v0: 0.4.3+7c3892a477
[18:40:19] [modloading-worker-0/INFO] - fabric_networking_api_v1: 1.3.14+fb7c822677
[18:40:19] [modloading-worker-0/INFO] - fabric_object_builder_api_v1: 11.1.5+f8c414ce77
[18:40:19] [modloading-worker-0/INFO] - fabric_particles_v1: 1.1.3+78e1ecb877
[18:40:19] [modloading-worker-0/INFO] - fabric_recipe_api_v1: 1.0.24+514a076577
[18:40:19] [modloading-worker-0/INFO] - fabric_registry_sync_v0: 2.3.6+1c0ea72177
[18:40:19] [modloading-worker-0/INFO] - fabric_renderer_api_v1: 3.2.2+cf68abbe77
[18:40:19] [modloading-worker-0/INFO] - fabric_renderer_indigo: 1.5.3+b5b2da4177
[18:40:19] [modloading-worker-0/INFO] - fabric_rendering_data_attachment_v1: 0.3.39+a6081afc77
[18:40:19] [modloading-worker-0/INFO] - fabric_rendering_fluids_v1: 3.0.29+4ac5e37a77
[18:40:19] [modloading-worker-0/INFO] - fabric_rendering_v1: 3.0.9+66e9a48f77
[18:40:19] [modloading-worker-0/INFO] - fabric_resource_conditions_api_v1: 2.3.9+996d00b277
[18:40:19] [modloading-worker-0/INFO] - fabric_resource_loader_v0: 0.11.12+4b4151c077
[18:40:19] [modloading-worker-0/INFO] - fabric_screen_api_v1: 2.0.9+45a670a577
[18:40:19] [modloading-worker-0/INFO] - fabric_screen_handler_api_v1: 1.3.33+561530ec77
[18:40:19] [modloading-worker-0/INFO] - fabric_sound_api_v1: 1.0.14+4f23bd8477
[18:40:19] [modloading-worker-0/INFO] - fabric_transfer_api_v1: 3.3.6+631c9cd677
[18:40:19] [modloading-worker-0/INFO] - fabric_transitive_access_wideners_v1: 4.3.2+1880499877
[18:40:19] [modloading-worker-0/INFO] - faewulf_lib: 1.3.2
[18:40:19] [modloading-worker-0/INFO] - farmersdelight: 1.20.1-1.2.10
[18:40:19] [modloading-worker-0/INFO] - ferritecore: 6.0.1
[18:40:19] [modloading-worker-0/INFO] - forge: 47.4.10
[18:40:19] [modloading-worker-0/INFO] - framework: 0.8.0
[18:40:19] [modloading-worker-0/INFO] - fromtheshadows: 2.9
[18:40:19] [modloading-worker-0/INFO] - geckolib: 4.8.3
[18:40:19] [modloading-worker-0/INFO] - geophilic: 3.4.6
[18:40:19] [modloading-worker-0/INFO] - glitchcore: 0.0.1.1
[18:40:19] [modloading-worker-0/INFO] - gml: 4.0.11
[18:40:19] [modloading-worker-0/INFO] - graveyard: 3.1
[18:40:19] [modloading-worker-0/INFO] - hexerei: 1.20.1-0.4.2.3
[18:40:19] [modloading-worker-0/INFO] - horror_element_mod: 1.6.3
[18:40:19] [modloading-worker-0/INFO] - iceberg: 1.1.25
[18:40:19] [modloading-worker-0/INFO] - immersive_aircraft: 1.4.0+1.20.1
[18:40:19] [modloading-worker-0/INFO] - incendium: 5.3.5
[18:40:19] [modloading-worker-0/INFO] - jade: 11.13.2+forge
[18:40:19] [modloading-worker-0/INFO] - jeg: 0.13.2
[18:40:19] [modloading-worker-0/INFO] - jei: 15.20.0.129
[18:40:19] [modloading-worker-0/INFO] - journeymap: 5.10.3
[18:40:19] [modloading-worker-0/INFO] - kuma_api: 20.1.12
[18:40:19] [modloading-worker-0/INFO] - libraryferret: 4.0.0
[18:40:19] [modloading-worker-0/INFO] - lionfishapi: 2.4
[18:40:19] [modloading-worker-0/INFO] - lootr: 0.7.35.94
[18:40:19] [modloading-worker-0/INFO] - mcwwindows: 2.4.2
[18:40:19] [modloading-worker-0/INFO] - midnightlib: 1.4.2
[18:40:19] [modloading-worker-0/INFO] - minecraft: 1.20.1
[18:40:19] [modloading-worker-0/INFO] - mixinsquared: 0.1.1
[18:40:19] [modloading-worker-0/INFO] - modernfix: 5.26.2+mc1.20.1
[18:40:19] [modloading-worker-0/INFO] - moonlight: 1.20-2.16.28
[18:40:19] [modloading-worker-0/INFO] - morehitboxes: 1.9.2
[18:40:19] [modloading-worker-0/INFO] - mowziesmobs: 1.7.3
[18:40:19] [modloading-worker-0/INFO] - mr_dungeons_andtaverns: 3.0.3.f
[18:40:19] [modloading-worker-0/INFO] - naturalist: 5.0pre5
[18:40:19] [modloading-worker-0/INFO] - paraglider: 20.1.3
[18:40:19] [modloading-worker-0/INFO] - piggyback: 1.1.1
[18:40:19] [modloading-worker-0/INFO] - platform: 1.2.11.6.2
[18:40:19] [modloading-worker-0/INFO] - playeranimator: 1.0.2-rc1+1.20
[18:40:19] [modloading-worker-0/INFO] - playerrevive: 2.0.31
[18:40:19] [modloading-worker-0/INFO] - primal: 1.0.6
[18:40:19] [modloading-worker-0/INFO] - prism: 1.0.5
[18:40:19] [modloading-worker-0/INFO] - puzzlesaccessapi: 20.1.1
[18:40:19] [modloading-worker-0/INFO] - puzzleslib: 8.1.33
[18:40:19] [modloading-worker-0/INFO] - refurbished_furniture: 1.0.20
[18:40:19] [modloading-worker-0/INFO] - repurposed_structures: 7.1.21+1.20.1-forge
[18:40:19] [modloading-worker-0/INFO] - resourcefullib: 2.1.29
[18:40:19] [modloading-worker-0/INFO] - roughlyenoughitems: 12.1.785
[18:40:19] [modloading-worker-0/INFO] - rubidium: 0.7.1
[18:40:19] [modloading-worker-0/INFO] - runiclib: 4.3.7
[18:40:19] [modloading-worker-0/INFO] - sittingplus: 2.0.5
[18:40:19] [modloading-worker-0/INFO] - sons_of_sins: 2.1.11
[18:40:19] [modloading-worker-0/INFO] - sophisticatedbackpacks: 3.24.24.1538
[18:40:19] [modloading-worker-0/INFO] - sophisticatedcore: 1.3.5.1505
[18:40:19] [modloading-worker-0/INFO] - sound_physics_remastered: 1.20.1-1.4.10
[18:40:19] [modloading-worker-0/INFO] - structure_gel: 2.16.2
[18:40:19] [modloading-worker-0/INFO] - terrablender: 3.0.1.10
[18:40:19] [modloading-worker-0/INFO] - terralith: 2.5.4
[18:40:19] [modloading-worker-0/INFO] - trade_cycling: 1.20.1-1.0.7
[18:40:19] [modloading-worker-0/INFO] - undead_revamp2: 1.0.1
[18:40:19] [modloading-worker-0/INFO] - vanillabackport: 1.1.5.4.2
[18:40:19] [modloading-worker-0/INFO] - voicechat: 1.20.1-2.6.12
[18:40:19] [modloading-worker-0/INFO] - voicechat_api: 2.6.0
[18:40:19] [modloading-worker-0/INFO] - waifucraft: 2.1
[18:40:19] [modloading-worker-0/INFO] - watching: 1.9.2
[18:40:19] [modloading-worker-0/INFO] - waterframes: 2.1.22
[18:40:19] [modloading-worker-0/INFO] - watervision: 0.1.0-alpha
[18:40:19] [modloading-worker-0/INFO] - watut: 1.20.1-1.2.3
[18:40:19] [modloading-worker-0/INFO] - waystones: 14.1.20
[18:40:19] [modloading-worker-0/INFO] - yungsapi: 1.20-Forge-4.0.6
[18:40:19] [modloading-worker-0/INFO] ========================================
[18:40:20] [modloading-worker-0/INFO] [REI] Registered plugin provider CoreReiCommonPlugin [sophisticatedcore] for REIPlugin
[18:40:20] [modloading-worker-0/INFO] [REI] Registered plugin provider BackpackReiCommonPlugin [sophisticatedbackpacks] for REIPlugin
[18:40:20] [modloading-worker-0/INFO] [REI] Registered plugin provider DefaultPluginImpl [roughlyenoughitems] for REIServerPlugin
[18:40:20] [modloading-worker-0/INFO] [REI] Registered plugin provider DefaultPluginImpl [roughlyenoughitems] for REIPlugin
[18:40:20] [modloading-worker-0/INFO] [REI] Registered plugin provider DefaultRuntimePlugin [roughlyenoughitems] for REIServerPlugin
[18:40:20] [modloading-worker-0/INFO] [REI] Registered plugin provider DefaultRuntimePlugin [roughlyenoughitems] for REIPlugin
[18:40:20] [modloading-worker-0/INFO] [REI] Registered plugin provider CoreReiCommonPlugin [sophisticatedcore] for REIServerPlugin
[18:40:20] [modloading-worker-0/INFO] [REI] Registered plugin provider BackpackReiCommonPlugin [sophisticatedbackpacks] for REIServerPlugin
[18:40:35] [Worker-Main-3/DEBUG] [REI] Processed 0 tags in 28.26 μs for minecraft:worldgen/world_preset
[18:40:35] [Worker-Main-1/DEBUG] [REI] Processed 1 tags in 502.5 μs for minecraft:painting_variant
[18:40:35] [Worker-Main-2/DEBUG] [REI] Processed 0 tags in 12.76 μs for minecraft:worldgen/structure_set
[18:40:35] [Worker-Main-1/DEBUG] [REI] Processed 5 tags in 196.8 μs for minecraft:game_event
[18:40:35] [Worker-Main-3/DEBUG] [REI] Processed 0 tags in 5.009 μs for minecraft:worldgen/flat_level_generator_preset
[18:40:35] [Worker-Main-2/DEBUG] [REI] Processed 8 tags in 47.91 μs for minecraft:fluid
[18:40:35] [Worker-Main-2/DEBUG] [REI] Processed 229 tags in 3.640 ms for minecraft:entity_type
[18:40:35] [Worker-Main-2/DEBUG] [REI] Processed 2 tags in 89.07 μs for minecraft:cat_variant
[18:40:35] [Worker-Main-1/DEBUG] [REI] Processed 0 tags in 530.9 μs for minecraft:worldgen/biome
[18:40:35] [Worker-Main-1/DEBUG] [REI] Processed 5 tags in 98.56 μs for minecraft:point_of_interest_type
[18:40:35] [Worker-Main-1/DEBUG] [REI] Processed 0 tags in 46.60 μs for minecraft:worldgen/structure
[18:40:35] [Worker-Main-1/DEBUG] [REI] Processed 3 tags in 21.91 μs for minecraft:instrument
[18:40:35] [Worker-Main-1/DEBUG] [REI] Processed 11 tags in 58.96 μs for minecraft:banner_pattern
[18:40:35] [Worker-Main-3/DEBUG] [REI] Processed 910 tags in 20.39 ms for minecraft:item
[18:40:35] [Worker-Main-1/DEBUG] [REI] Processed 0 tags in 6.121 μs for minecraft:dimension_type
[18:40:35] [Worker-Main-3/DEBUG] [REI] Processed 6 tags in 27.02 μs for minecraft:enchantment
[18:40:35] [Worker-Main-1/DEBUG] [REI] Processed 0 tags in 27.69 μs for minecraft:damage_type
[18:40:35] [Worker-Main-2/DEBUG] [REI] Processed 644 tags in 15.67 ms for minecraft:block
[18:40:38] [main/DEBUG] [REI] Starting Reload Plugins of stage null
java.lang.Throwable
	at TRANSFORMER/roughlyenoughitems@12.1.785/me.shedaniel.rei.impl.common.plugins.ReloadManagerImpl.reloadPlugins(ReloadManagerImpl.java:110)
	at TRANSFORMER/roughlyenoughitems@12.1.785/me.shedaniel.rei.RoughlyEnoughItemsCore.lambda$onInitialize$5(RoughlyEnoughItemsCore.java:163)
	at java.base/java.util.concurrent.CompletableFuture$UniRun.tryFire(CompletableFuture.java:787)
	at java.base/java.util.concurrent.CompletableFuture$Completion.run(CompletableFuture.java:482)
	at TRANSFORMER/minecraft@1.20.1/net.minecraft.server.packs.resources.SimpleReloadInstance.m_143940_(SimpleReloadInstance.java:69)
	at TRANSFORMER/minecraft@1.20.1/net.minecraft.Util.m_214652_(Util.java:783)
	at TRANSFORMER/minecraft@1.20.1/net.minecraft.Util.m_214679_(Util.java:772)
	at TRANSFORMER/minecraft@1.20.1/net.minecraft.server.Main.main(Main.java:166)
	at java.base/jdk.internal.reflect.NativeMethodAccessorImpl.invoke0(Native Method)
	at java.base/jdk.internal.reflect.NativeMethodAccessorImpl.invoke(NativeMethodAccessorImpl.java:77)
	at java.base/jdk.internal.reflect.DelegatingMethodAccessorImpl.invoke(DelegatingMethodAccessorImpl.java:43)
	at java.base/java.lang.reflect.Method.invoke(Method.java:569)
	at MC-BOOTSTRAP/fmlloader@1.20.1-47.4.10/net.minecraftforge.fml.loading.targets.CommonLaunchHandler.runTarget(CommonLaunchHandler.java:111)
	at MC-BOOTSTRAP/fmlloader@1.20.1-47.4.10/net.minecraftforge.fml.loading.targets.CommonLaunchHandler.serverService(CommonLaunchHandler.java:103)
	at MC-BOOTSTRAP/fmlloader@1.20.1-47.4.10/net.minecraftforge.fml.loading.targets.CommonServerLaunchHandler.lambda$makeService$0(CommonServerLaunchHandler.java:27)
	at MC-BOOTSTRAP/cpw.mods.modlauncher@10.0.9/cpw.mods.modlauncher.LaunchServiceHandlerDecorator.launch(LaunchServiceHandlerDecorator.java:30)
	at MC-BOOTSTRAP/cpw.mods.modlauncher@10.0.9/cpw.mods.modlauncher.LaunchServiceHandler.launch(LaunchServiceHandler.java:53)
	at MC-BOOTSTRAP/cpw.mods.modlauncher@10.0.9/cpw.mods.modlauncher.LaunchServiceHandler.launch(LaunchServiceHandler.java:71)
	at MC-BOOTSTRAP/cpw.mods.modlauncher@10.0.9/cpw.mods.modlauncher.Launcher.run(Launcher.java:108)
	at MC-BOOTSTRAP/cpw.mods.modlauncher@10.0.9/cpw.mods.modlauncher.Launcher.main(Launcher.java:78)
	at MC-BOOTSTRAP/cpw.mods.modlauncher@10.0.9/cpw.mods.modlauncher.BootstrapLaunchConsumer.accept(BootstrapLaunchConsumer.java:26)
	at MC-BOOTSTRAP/cpw.mods.modlauncher@10.0.9/cpw.mods.modlauncher.BootstrapLaunchConsumer.accept(BootstrapLaunchConsumer.java:23)
	at cpw.mods.bootstraplauncher@1.1.2/cpw.mods.bootstraplauncher.BootstrapLauncher.main(BootstrapLauncher.java:141)
[18:40:38] [main/DEBUG] [REI] ========================================
[18:40:38] [main/DEBUG] [REI] REIPlugin starting pre-reload for START.
[18:40:38] [main/DEBUG] [REI] Reloadables (7):
[18:40:38] [main/DEBUG] [REI]  - EntryTypeRegistryImpl
[18:40:38] [main/DEBUG] [REI]  - EntrySettingsAdapterRegistryImpl
[18:40:38] [main/DEBUG] [REI]  - RecipeManagerContextImpl
[18:40:38] [main/DEBUG] [REI]  - ItemComparatorRegistryImpl
[18:40:38] [main/DEBUG] [REI]  - FluidComparatorRegistryImpl
[18:40:38] [main/DEBUG] [REI]  - DisplaySerializerRegistryImpl
[18:40:38] [main/DEBUG] [REI]  - FluidSupportProviderImpl
[18:40:38] [main/DEBUG] [REI] Plugins (4):
[18:40:38] [main/DEBUG] [REI]  - (-100.00) DefaultPluginImpl of DefaultPluginImpl [roughlyenoughitems]
[18:40:38] [main/DEBUG] [REI]  - (0.00) DefaultRuntimePlugin of DefaultRuntimePlugin [roughlyenoughitems]
[18:40:38] [main/DEBUG] [REI]  - (0.00) BackpackReiCommonPlugin of BackpackReiCommonPlugin [sophisticatedbackpacks]
[18:40:38] [main/DEBUG] [REI]  - (0.00) CoreReiCommonPlugin of CoreReiCommonPlugin [sophisticatedcore]
[18:40:38] [main/DEBUG] [REI] ========================================
[18:40:38] [main/TRACE] [REI] [REIPlugin START] Reloading Section: "pre-register/"
[18:40:38] [main/TRACE] [REI] [REIPlugin START] Reloading Section: "pre-register/DefaultPluginImpl of DefaultPluginImpl [roughlyenoughitems]/"
[18:40:38] [main/TRACE] [REI] [REIPlugin START] Reloading Section: "pre-register/DefaultPluginImpl of DefaultPluginImpl [roughlyenoughitems]/" done in 772.0 μs
[18:40:38] [main/TRACE] [REI] [REIPlugin START] Reloading Section: "pre-register/DefaultRuntimePlugin of DefaultRuntimePlugin [roughlyenoughitems]/"
[18:40:38] [main/TRACE] [REI] [REIPlugin START] Reloading Section: "pre-register/DefaultRuntimePlugin of DefaultRuntimePlugin [roughlyenoughitems]/" done in 89.57 μs
[18:40:38] [main/TRACE] [REI] [REIPlugin START] Reloading Section: "pre-register/BackpackReiCommonPlugin of BackpackReiCommonPlugin [sophisticatedbackpacks]/"
[18:40:38] [main/TRACE] [REI] [REIPlugin START] Reloading Section: "pre-register/BackpackReiCommonPlugin of BackpackReiCommonPlugin [sophisticatedbackpacks]/" done in 79.89 μs
[18:40:38] [main/TRACE] [REI] [REIPlugin START] Reloading Section: "pre-register/CoreReiCommonPlugin of CoreReiCommonPlugin [sophisticatedcore]/"
[18:40:38] [main/TRACE] [REI] [REIPlugin START] Reloading Section: "pre-register/CoreReiCommonPlugin of CoreReiCommonPlugin [sophisticatedcore]/" done in 71.43 μs
[18:40:38] [main/TRACE] [REI] [REIPlugin START] Reloading Section: "pre-register/" done in 10.82 ms
[18:40:38] [main/TRACE] [REI] [REIPlugin START] Reloading Section: "pre-stage/"
[18:40:38] [main/TRACE] [REI] [REIPlugin START] Reloading Section: "pre-stage/EntryTypeRegistryImpl/"
[18:40:38] [main/TRACE] [REI] [REIPlugin START] Reloading Section: "pre-stage/EntryTypeRegistryImpl/" done in 247.5 μs
[18:40:38] [main/TRACE] [REI] [REIPlugin START] Reloading Section: "pre-stage/EntrySettingsAdapterRegistryImpl/"
[18:40:38] [main/TRACE] [REI] [REIPlugin START] Reloading Section: "pre-stage/EntrySettingsAdapterRegistryImpl/" done in 204.1 μs
[18:40:38] [main/TRACE] [REI] [REIPlugin START] Reloading Section: "pre-stage/RecipeManagerContextImpl/"
[18:40:38] [main/TRACE] [REI] [REIPlugin START] Reloading Section: "pre-stage/RecipeManagerContextImpl/" done in 174.6 μs
[18:40:38] [main/TRACE] [REI] [REIPlugin START] Reloading Section: "pre-stage/ItemComparatorRegistryImpl/"
[18:40:38] [main/TRACE] [REI] [REIPlugin START] Reloading Section: "pre-stage/ItemComparatorRegistryImpl/" done in 72.84 μs
[18:40:38] [main/TRACE] [REI] [REIPlugin START] Reloading Section: "pre-stage/FluidComparatorRegistryImpl/"
[18:40:38] [main/TRACE] [REI] [REIPlugin START] Reloading Section: "pre-stage/FluidComparatorRegistryImpl/" done in 57.45 μs
[18:40:38] [main/TRACE] [REI] [REIPlugin START] Reloading Section: "pre-stage/DisplaySerializerRegistryImpl/"
[18:40:38] [main/TRACE] [REI] [REIPlugin START] Reloading Section: "pre-stage/DisplaySerializerRegistryImpl/" done in 78.63 μs
[18:40:38] [main/TRACE] [REI] [REIPlugin START] Reloading Section: "pre-stage/FluidSupportProviderImpl/"
[18:40:38] [main/TRACE] [REI] [REIPlugin START] Reloading Section: "pre-stage/FluidSupportProviderImpl/" done in 53.42 μs
[18:40:38] [main/TRACE] [REI] [REIPlugin START] Reloading Section: "pre-stage/" done in 2.008 ms
[18:40:38] [main/DEBUG] [REI] ========================================
[18:40:38] [main/DEBUG] [REI] REIPlugin finished pre-reload for START in 13.47 ms.
[18:40:38] [main/DEBUG] [REI] ========================================
[18:40:38] [main/DEBUG] [REI] ========================================
[18:40:38] [main/DEBUG] [REI] REIServerPlugin starting pre-reload for START.
[18:40:38] [main/DEBUG] [REI] Reloadables (2):
[18:40:38] [main/DEBUG] [REI]  - MenuInfoRegistryImpl
[18:40:38] [main/DEBUG] [REI]  - SlotAccessorRegistryImpl
[18:40:38] [main/DEBUG] [REI] Plugins (4):
[18:40:38] [main/DEBUG] [REI]  - (-100.00) DefaultPluginImpl of DefaultPluginImpl [roughlyenoughitems]
[18:40:38] [main/DEBUG] [REI]  - (0.00) BackpackReiCommonPlugin of BackpackReiCommonPlugin [sophisticatedbackpacks]
[18:40:38] [main/DEBUG] [REI]  - (0.00) CoreReiCommonPlugin of CoreReiCommonPlugin [sophisticatedcore]
[18:40:38] [main/DEBUG] [REI]  - (0.00) DefaultRuntimePlugin of DefaultRuntimePlugin [roughlyenoughitems]
[18:40:38] [main/DEBUG] [REI] ========================================
[18:40:38] [main/TRACE] [REI] [REIServerPlugin START] Reloading Section: "pre-register/"
[18:40:38] [main/TRACE] [REI] [REIServerPlugin START] Reloading Section: "pre-register/DefaultPluginImpl of DefaultPluginImpl [roughlyenoughitems]/"
[18:40:38] [main/TRACE] [REI] [REIServerPlugin START] Reloading Section: "pre-register/DefaultPluginImpl of DefaultPluginImpl [roughlyenoughitems]/" done in 55.89 μs
[18:40:38] [main/TRACE] [REI] [REIServerPlugin START] Reloading Section: "pre-register/BackpackReiCommonPlugin of BackpackReiCommonPlugin [sophisticatedbackpacks]/"
[18:40:38] [main/TRACE] [REI] [REIServerPlugin START] Reloading Section: "pre-register/BackpackReiCommonPlugin of BackpackReiCommonPlugin [sophisticatedbackpacks]/" done in 51.41 μs
[18:40:38] [main/TRACE] [REI] [REIServerPlugin START] Reloading Section: "pre-register/CoreReiCommonPlugin of CoreReiCommonPlugin [sophisticatedcore]/"
[18:40:38] [main/TRACE] [REI] [REIServerPlugin START] Reloading Section: "pre-register/CoreReiCommonPlugin of CoreReiCommonPlugin [sophisticatedcore]/" done in 49.87 μs
[18:40:38] [main/TRACE] [REI] [REIServerPlugin START] Reloading Section: "pre-register/DefaultRuntimePlugin of DefaultRuntimePlugin [roughlyenoughitems]/"
[18:40:38] [main/TRACE] [REI] [REIServerPlugin START] Reloading Section: "pre-register/DefaultRuntimePlugin of DefaultRuntimePlugin [roughlyenoughitems]/" done in 88.06 μs
[18:40:38] [main/TRACE] [REI] [REIServerPlugin START] Reloading Section: "pre-register/" done in 1.746 ms
[18:40:38] [main/TRACE] [REI] [REIServerPlugin START] Reloading Section: "pre-stage/"
[18:40:38] [main/TRACE] [REI] [REIServerPlugin START] Reloading Section: "pre-stage/MenuInfoRegistryImpl/"
[18:40:38] [main/TRACE] [REI] [REIServerPlugin START] Reloading Section: "pre-stage/MenuInfoRegistryImpl/" done in 68.79 μs
[18:40:38] [main/TRACE] [REI] [REIServerPlugin START] Reloading Section: "pre-stage/SlotAccessorRegistryImpl/"
[18:40:38] [main/TRACE] [REI] [REIServerPlugin START] Reloading Section: "pre-stage/SlotAccessorRegistryImpl/" done in 55.37 μs
[18:40:38] [main/TRACE] [REI] [REIServerPlugin START] Reloading Section: "pre-stage/" done in 473.1 μs
[18:40:38] [main/DEBUG] [REI] ========================================
[18:40:38] [main/DEBUG] [REI] REIServerPlugin finished pre-reload for START in 2.475 ms.
[18:40:38] [main/DEBUG] [REI] ========================================
[18:40:38] [main/INFO] [REI] OOOOOOOOOOOOOOOOOOOOOOOOOOOOOOOOOOOOOOOO
[18:40:38] [main/INFO] [REI] REIPlugin starting main-reload for START.
[18:40:38] [main/DEBUG] [REI] Reloadables (7):
[18:40:38] [main/DEBUG] [REI]  - EntryTypeRegistryImpl
[18:40:38] [main/DEBUG] [REI]  - EntrySettingsAdapterRegistryImpl
[18:40:38] [main/DEBUG] [REI]  - RecipeManagerContextImpl
[18:40:38] [main/DEBUG] [REI]  - ItemComparatorRegistryImpl
[18:40:38] [main/DEBUG] [REI]  - FluidComparatorRegistryImpl
[18:40:38] [main/DEBUG] [REI]  - DisplaySerializerRegistryImpl
[18:40:38] [main/DEBUG] [REI]  - FluidSupportProviderImpl
[18:40:38] [main/INFO] [REI] Plugins (4):
[18:40:38] [main/INFO] [REI]  - (-100.00) DefaultPluginImpl of DefaultPluginImpl [roughlyenoughitems]
[18:40:38] [main/INFO] [REI]  - (0.00) DefaultRuntimePlugin of DefaultRuntimePlugin [roughlyenoughitems]
[18:40:38] [main/INFO] [REI]  - (0.00) BackpackReiCommonPlugin of BackpackReiCommonPlugin [sophisticatedbackpacks]
[18:40:38] [main/INFO] [REI]  - (0.00) CoreReiCommonPlugin of CoreReiCommonPlugin [sophisticatedcore]
[18:40:38] [main/INFO] [REI] OOOOOOOOOOOOOOOOOOOOOOOOOOOOOOOOOOOOOOOO
[18:40:38] [main/TRACE] [REI] [REIPlugin START] Reloading Section: "start-reload/"
[18:40:38] [main/TRACE] [REI] [REIPlugin START] Reloading Section: "start-reload/EntryTypeRegistryImpl/"
[18:40:38] [main/TRACE] [REI] [REIPlugin START] Reloading Section: "start-reload/EntryTypeRegistryImpl/" done in 89.65 μs
[18:40:38] [main/TRACE] [REI] [REIPlugin START] Reloading Section: "start-reload/EntrySettingsAdapterRegistryImpl/"
[18:40:38] [main/TRACE] [REI] [REIPlugin START] Reloading Section: "start-reload/EntrySettingsAdapterRegistryImpl/" done in 50.21 μs
[18:40:38] [main/TRACE] [REI] [REIPlugin START] Reloading Section: "start-reload/RecipeManagerContextImpl/"
[18:40:38] [main/TRACE] [REI] [REIPlugin START] Reloading Section: "start-reload/RecipeManagerContextImpl/" done in 44.37 μs
[18:40:38] [main/TRACE] [REI] [REIPlugin START] Reloading Section: "start-reload/ItemComparatorRegistryImpl/"
[18:40:38] [main/TRACE] [REI] [REIPlugin START] Reloading Section: "start-reload/ItemComparatorRegistryImpl/" done in 68.55 μs
[18:40:38] [main/TRACE] [REI] [REIPlugin START] Reloading Section: "start-reload/FluidComparatorRegistryImpl/"
[18:40:38] [main/TRACE] [REI] [REIPlugin START] Reloading Section: "start-reload/FluidComparatorRegistryImpl/" done in 52.10 μs
[18:40:38] [main/TRACE] [REI] [REIPlugin START] Reloading Section: "start-reload/DisplaySerializerRegistryImpl/"
[18:40:38] [main/TRACE] [REI] [REIPlugin START] Reloading Section: "start-reload/DisplaySerializerRegistryImpl/" done in 43.90 μs
[18:40:38] [main/TRACE] [REI] [REIPlugin START] Reloading Section: "start-reload/FluidSupportProviderImpl/"
[18:40:38] [main/TRACE] [REI] [REIPlugin START] Reloading Section: "start-reload/FluidSupportProviderImpl/" done in 58.40 μs
[18:40:38] [main/TRACE] [REI] [REIPlugin START] Reloading Section: "start-reload/" done in 1.110 ms
[18:40:38] [main/DEBUG] [REI] ========================================
[18:40:38] [main/DEBUG] [REI] REIPlugin started main-reload for START.
[18:40:38] [main/DEBUG] [REI] ========================================
[18:40:38] [main/TRACE] [REI] [REIPlugin START] Reloading Section: "reloadable-plugin/EntryTypeRegistryImpl/"
[18:40:38] [main/TRACE] [REI] [REIPlugin START] Reloading Section: "reloadable-plugin/EntryTypeRegistryImpl/DefaultPluginImpl of DefaultPluginImpl [roughlyenoughitems]/"
[18:40:38] [main/TRACE] [REI] [REIPlugin START] Reloading Section: "reloadable-plugin/EntryTypeRegistryImpl/DefaultPluginImpl of DefaultPluginImpl [roughlyenoughitems]/" done in 322.4 μs
[18:40:38] [main/TRACE] [REI] [REIPlugin START] Reloading Section: "reloadable-plugin/EntryTypeRegistryImpl/DefaultRuntimePlugin of DefaultRuntimePlugin [roughlyenoughitems]/"
[18:40:38] [main/TRACE] [REI] [REIPlugin START] Reloading Section: "reloadable-plugin/EntryTypeRegistryImpl/DefaultRuntimePlugin of DefaultRuntimePlugin [roughlyenoughitems]/" done in 8.737 ms
[18:40:38] [main/TRACE] [REI] [REIPlugin START] Reloading Section: "reloadable-plugin/EntryTypeRegistryImpl/BackpackReiCommonPlugin of BackpackReiCommonPlugin [sophisticatedbackpacks]/"
[18:40:38] [main/TRACE] [REI] [REIPlugin START] Reloading Section: "reloadable-plugin/EntryTypeRegistryImpl/BackpackReiCommonPlugin of BackpackReiCommonPlugin [sophisticatedbackpacks]/" done in 153.3 μs
[18:40:38] [main/TRACE] [REI] [REIPlugin START] Reloading Section: "reloadable-plugin/EntryTypeRegistryImpl/CoreReiCommonPlugin of CoreReiCommonPlugin [sophisticatedcore]/"
[18:40:38] [main/TRACE] [REI] [REIPlugin START] Reloading Section: "reloadable-plugin/EntryTypeRegistryImpl/CoreReiCommonPlugin of CoreReiCommonPlugin [sophisticatedcore]/" done in 128.8 μs
[18:40:38] [main/TRACE] [REI] [REIPlugin START] Reloading Section: "reloadable-plugin/EntryTypeRegistryImpl/" done in 12.18 ms
[18:40:38] [main/TRACE] [REI] [REIPlugin START] Reloading Section: "reloadable-plugin/EntrySettingsAdapterRegistryImpl/"
[18:40:38] [main/TRACE] [REI] [REIPlugin START] Reloading Section: "reloadable-plugin/EntrySettingsAdapterRegistryImpl/DefaultPluginImpl of DefaultPluginImpl [roughlyenoughitems]/"
[18:40:38] [main/TRACE] [REI] [REIPlugin START] Reloading Section: "reloadable-plugin/EntrySettingsAdapterRegistryImpl/DefaultPluginImpl of DefaultPluginImpl [roughlyenoughitems]/" done in 56.91 μs
[18:40:38] [main/TRACE] [REI] [REIPlugin START] Reloading Section: "reloadable-plugin/EntrySettingsAdapterRegistryImpl/DefaultRuntimePlugin of DefaultRuntimePlugin [roughlyenoughitems]/"
[18:40:38] [main/TRACE] [REI] [REIPlugin START] Reloading Section: "reloadable-plugin/EntrySettingsAdapterRegistryImpl/DefaultRuntimePlugin of DefaultRuntimePlugin [roughlyenoughitems]/" done in 48.86 μs
[18:40:38] [main/TRACE] [REI] [REIPlugin START] Reloading Section: "reloadable-plugin/EntrySettingsAdapterRegistryImpl/BackpackReiCommonPlugin of BackpackReiCommonPlugin [sophisticatedbackpacks]/"
[18:40:38] [main/TRACE] [REI] [REIPlugin START] Reloading Section: "reloadable-plugin/EntrySettingsAdapterRegistryImpl/BackpackReiCommonPlugin of BackpackReiCommonPlugin [sophisticatedbackpacks]/" done in 48.92 μs
[18:40:38] [main/TRACE] [REI] [REIPlugin START] Reloading Section: "reloadable-plugin/EntrySettingsAdapterRegistryImpl/CoreReiCommonPlugin of CoreReiCommonPlugin [sophisticatedcore]/"
[18:40:38] [main/TRACE] [REI] [REIPlugin START] Reloading Section: "reloadable-plugin/EntrySettingsAdapterRegistryImpl/CoreReiCommonPlugin of CoreReiCommonPlugin [sophisticatedcore]/" done in 49.17 μs
[18:40:38] [main/TRACE] [REI] [REIPlugin START] Reloading Section: "reloadable-plugin/EntrySettingsAdapterRegistryImpl/" done in 629.3 μs
[18:40:38] [main/TRACE] [REI] [REIPlugin START] Reloading Section: "reloadable-plugin/RecipeManagerContextImpl/"
[18:40:38] [main/TRACE] [REI] [REIPlugin START] Reloading Section: "reloadable-plugin/RecipeManagerContextImpl/DefaultPluginImpl of DefaultPluginImpl [roughlyenoughitems]/"
[18:40:38] [main/TRACE] [REI] [REIPlugin START] Reloading Section: "reloadable-plugin/RecipeManagerContextImpl/DefaultPluginImpl of DefaultPluginImpl [roughlyenoughitems]/" done in 50.99 μs
[18:40:38] [main/TRACE] [REI] [REIPlugin START] Reloading Section: "reloadable-plugin/RecipeManagerContextImpl/DefaultRuntimePlugin of DefaultRuntimePlugin [roughlyenoughitems]/"
[18:40:38] [main/TRACE] [REI] [REIPlugin START] Reloading Section: "reloadable-plugin/RecipeManagerContextImpl/DefaultRuntimePlugin of DefaultRuntimePlugin [roughlyenoughitems]/" done in 123.2 μs
[18:40:38] [main/TRACE] [REI] [REIPlugin START] Reloading Section: "reloadable-plugin/RecipeManagerContextImpl/BackpackReiCommonPlugin of BackpackReiCommonPlugin [sophisticatedbackpacks]/"
[18:40:38] [main/TRACE] [REI] [REIPlugin START] Reloading Section: "reloadable-plugin/RecipeManagerContextImpl/BackpackReiCommonPlugin of BackpackReiCommonPlugin [sophisticatedbackpacks]/" done in 56.29 μs
[18:40:38] [main/TRACE] [REI] [REIPlugin START] Reloading Section: "reloadable-plugin/RecipeManagerContextImpl/CoreReiCommonPlugin of CoreReiCommonPlugin [sophisticatedcore]/"
[18:40:38] [main/TRACE] [REI] [REIPlugin START] Reloading Section: "reloadable-plugin/RecipeManagerContextImpl/CoreReiCommonPlugin of CoreReiCommonPlugin [sophisticatedcore]/" done in 50.17 μs
[18:40:38] [main/TRACE] [REI] [REIPlugin START] Reloading Section: "reloadable-plugin/RecipeManagerContextImpl/" done in 912.6 μs
[18:40:38] [main/TRACE] [REI] [REIPlugin START] Reloading Section: "reloadable-plugin/ItemComparatorRegistryImpl/"
[18:40:38] [main/TRACE] [REI] [REIPlugin START] Reloading Section: "reloadable-plugin/ItemComparatorRegistryImpl/DefaultPluginImpl of DefaultPluginImpl [roughlyenoughitems]/"
[18:40:38] [main/TRACE] [REI] [REIPlugin START] Reloading Section: "reloadable-plugin/ItemComparatorRegistryImpl/DefaultPluginImpl of DefaultPluginImpl [roughlyenoughitems]/" done in 1.334 ms
[18:40:38] [main/TRACE] [REI] [REIPlugin START] Reloading Section: "reloadable-plugin/ItemComparatorRegistryImpl/DefaultRuntimePlugin of DefaultRuntimePlugin [roughlyenoughitems]/"
[18:40:38] [main/TRACE] [REI] [REIPlugin START] Reloading Section: "reloadable-plugin/ItemComparatorRegistryImpl/DefaultRuntimePlugin of DefaultRuntimePlugin [roughlyenoughitems]/" done in 134.5 μs
[18:40:38] [main/TRACE] [REI] [REIPlugin START] Reloading Section: "reloadable-plugin/ItemComparatorRegistryImpl/BackpackReiCommonPlugin of BackpackReiCommonPlugin [sophisticatedbackpacks]/"
[18:40:38] [main/TRACE] [REI] [REIPlugin START] Reloading Section: "reloadable-plugin/ItemComparatorRegistryImpl/BackpackReiCommonPlugin of BackpackReiCommonPlugin [sophisticatedbackpacks]/" done in 5.204 ms
[18:40:38] [main/TRACE] [REI] [REIPlugin START] Reloading Section: "reloadable-plugin/ItemComparatorRegistryImpl/CoreReiCommonPlugin of CoreReiCommonPlugin [sophisticatedcore]/"
[18:40:38] [main/TRACE] [REI] [REIPlugin START] Reloading Section: "reloadable-plugin/ItemComparatorRegistryImpl/CoreReiCommonPlugin of CoreReiCommonPlugin [sophisticatedcore]/" done in 75.57 μs
[18:40:38] [main/TRACE] [REI] [REIPlugin START] Reloading Section: "reloadable-plugin/ItemComparatorRegistryImpl/" done in 7.708 ms
[18:40:38] [main/TRACE] [REI] [REIPlugin START] Reloading Section: "reloadable-plugin/FluidComparatorRegistryImpl/"
[18:40:38] [main/TRACE] [REI] [REIPlugin START] Reloading Section: "reloadable-plugin/FluidComparatorRegistryImpl/DefaultPluginImpl of DefaultPluginImpl [roughlyenoughitems]/"
[18:40:38] [main/TRACE] [REI] [REIPlugin START] Reloading Section: "reloadable-plugin/FluidComparatorRegistryImpl/DefaultPluginImpl of DefaultPluginImpl [roughlyenoughitems]/" done in 69.08 μs
[18:40:38] [main/TRACE] [REI] [REIPlugin START] Reloading Section: "reloadable-plugin/FluidComparatorRegistryImpl/DefaultRuntimePlugin of DefaultRuntimePlugin [roughlyenoughitems]/"
[18:40:38] [main/TRACE] [REI] [REIPlugin START] Reloading Section: "reloadable-plugin/FluidComparatorRegistryImpl/DefaultRuntimePlugin of DefaultRuntimePlugin [roughlyenoughitems]/" done in 57.02 μs
[18:40:38] [main/TRACE] [REI] [REIPlugin START] Reloading Section: "reloadable-plugin/FluidComparatorRegistryImpl/BackpackReiCommonPlugin of BackpackReiCommonPlugin [sophisticatedbackpacks]/"
[18:40:38] [main/TRACE] [REI] [REIPlugin START] Reloading Section: "reloadable-plugin/FluidComparatorRegistryImpl/BackpackReiCommonPlugin of BackpackReiCommonPlugin [sophisticatedbackpacks]/" done in 70.03 μs
[18:40:38] [main/TRACE] [REI] [REIPlugin START] Reloading Section: "reloadable-plugin/FluidComparatorRegistryImpl/CoreReiCommonPlugin of CoreReiCommonPlugin [sophisticatedcore]/"
[18:40:38] [main/TRACE] [REI] [REIPlugin START] Reloading Section: "reloadable-plugin/FluidComparatorRegistryImpl/CoreReiCommonPlugin of CoreReiCommonPlugin [sophisticatedcore]/" done in 54.51 μs
[18:40:38] [main/TRACE] [REI] [REIPlugin START] Reloading Section: "reloadable-plugin/FluidComparatorRegistryImpl/" done in 747.7 μs
[18:40:38] [main/TRACE] [REI] [REIPlugin START] Reloading Section: "reloadable-plugin/DisplaySerializerRegistryImpl/"
[18:40:38] [main/TRACE] [REI] [REIPlugin START] Reloading Section: "reloadable-plugin/DisplaySerializerRegistryImpl/DefaultPluginImpl of DefaultPluginImpl [roughlyenoughitems]/"
[18:40:38] [main/TRACE] [REI] [REIPlugin START] Reloading Section: "reloadable-plugin/DisplaySerializerRegistryImpl/DefaultPluginImpl of DefaultPluginImpl [roughlyenoughitems]/" done in 53.64 μs
[18:40:38] [main/TRACE] [REI] [REIPlugin START] Reloading Section: "reloadable-plugin/DisplaySerializerRegistryImpl/DefaultRuntimePlugin of DefaultRuntimePlugin [roughlyenoughitems]/"
[18:40:38] [main/TRACE] [REI] [REIPlugin START] Reloading Section: "reloadable-plugin/DisplaySerializerRegistryImpl/DefaultRuntimePlugin of DefaultRuntimePlugin [roughlyenoughitems]/" done in 62.50 μs
[18:40:38] [main/TRACE] [REI] [REIPlugin START] Reloading Section: "reloadable-plugin/DisplaySerializerRegistryImpl/BackpackReiCommonPlugin of BackpackReiCommonPlugin [sophisticatedbackpacks]/"
[18:40:38] [main/TRACE] [REI] [REIPlugin START] Reloading Section: "reloadable-plugin/DisplaySerializerRegistryImpl/BackpackReiCommonPlugin of BackpackReiCommonPlugin [sophisticatedbackpacks]/" done in 50.57 μs
[18:40:38] [main/TRACE] [REI] [REIPlugin START] Reloading Section: "reloadable-plugin/DisplaySerializerRegistryImpl/CoreReiCommonPlugin of CoreReiCommonPlugin [sophisticatedcore]/"
[18:40:38] [main/TRACE] [REI] [REIPlugin START] Reloading Section: "reloadable-plugin/DisplaySerializerRegistryImpl/CoreReiCommonPlugin of CoreReiCommonPlugin [sophisticatedcore]/" done in 57.27 μs
[18:40:38] [main/TRACE] [REI] [REIPlugin START] Reloading Section: "reloadable-plugin/DisplaySerializerRegistryImpl/" done in 943.4 μs
[18:40:38] [main/TRACE] [REI] [REIPlugin START] Reloading Section: "reloadable-plugin/FluidSupportProviderImpl/"
[18:40:38] [main/TRACE] [REI] [REIPlugin START] Reloading Section: "reloadable-plugin/FluidSupportProviderImpl/DefaultPluginImpl of DefaultPluginImpl [roughlyenoughitems]/"
[18:40:38] [main/TRACE] [REI] [REIPlugin START] Reloading Section: "reloadable-plugin/FluidSupportProviderImpl/DefaultPluginImpl of DefaultPluginImpl [roughlyenoughitems]/" done in 575.6 μs
[18:40:38] [main/TRACE] [REI] [REIPlugin START] Reloading Section: "reloadable-plugin/FluidSupportProviderImpl/DefaultRuntimePlugin of DefaultRuntimePlugin [roughlyenoughitems]/"
[18:40:38] [main/TRACE] [REI] [REIPlugin START] Reloading Section: "reloadable-plugin/FluidSupportProviderImpl/DefaultRuntimePlugin of DefaultRuntimePlugin [roughlyenoughitems]/" done in 76.10 μs
[18:40:38] [main/TRACE] [REI] [REIPlugin START] Reloading Section: "reloadable-plugin/FluidSupportProviderImpl/BackpackReiCommonPlugin of BackpackReiCommonPlugin [sophisticatedbackpacks]/"
[18:40:38] [main/TRACE] [REI] [REIPlugin START] Reloading Section: "reloadable-plugin/FluidSupportProviderImpl/BackpackReiCommonPlugin of BackpackReiCommonPlugin [sophisticatedbackpacks]/" done in 66.83 μs
[18:40:38] [main/TRACE] [REI] [REIPlugin START] Reloading Section: "reloadable-plugin/FluidSupportProviderImpl/CoreReiCommonPlugin of CoreReiCommonPlugin [sophisticatedcore]/"
[18:40:38] [main/TRACE] [REI] [REIPlugin START] Reloading Section: "reloadable-plugin/FluidSupportProviderImpl/CoreReiCommonPlugin of CoreReiCommonPlugin [sophisticatedcore]/" done in 61.91 μs
[18:40:38] [main/TRACE] [REI] [REIPlugin START] Reloading Section: "reloadable-plugin/FluidSupportProviderImpl/" done in 1.326 ms
[18:40:38] [main/DEBUG] [REI] ========================================
[18:40:38] [main/DEBUG] [REI] REIPlugin ending main-reload for START.
[18:40:38] [main/DEBUG] [REI] ========================================
[18:40:38] [main/TRACE] [REI] [REIPlugin START] Reloading Section: "end-reload/"
[18:40:38] [main/TRACE] [REI] [REIPlugin START] Reloading Section: "end-reload/EntryTypeRegistryImpl/"
[18:40:38] [main/TRACE] [REI] [REIPlugin START] Reloading Section: "end-reload/EntryTypeRegistryImpl/" done in 68.04 μs
[18:40:38] [main/TRACE] [REI] [REIPlugin START] Reloading Section: "end-reload/EntrySettingsAdapterRegistryImpl/"
[18:40:38] [main/TRACE] [REI] [REIPlugin START] Reloading Section: "end-reload/EntrySettingsAdapterRegistryImpl/" done in 55.56 μs
[18:40:38] [main/TRACE] [REI] [REIPlugin START] Reloading Section: "end-reload/RecipeManagerContextImpl/"
[18:40:38] [main/TRACE] [REI] [REIPlugin START] Reloading Section: "end-reload/RecipeManagerContextImpl/" done in 49.00 μs
[18:40:38] [main/TRACE] [REI] [REIPlugin START] Reloading Section: "end-reload/ItemComparatorRegistryImpl/"
[18:40:38] [main/TRACE] [REI] [REIPlugin START] Reloading Section: "end-reload/ItemComparatorRegistryImpl/" done in 71.95 μs
[18:40:38] [main/TRACE] [REI] [REIPlugin START] Reloading Section: "end-reload/FluidComparatorRegistryImpl/"
[18:40:38] [main/TRACE] [REI] [REIPlugin START] Reloading Section: "end-reload/FluidComparatorRegistryImpl/" done in 58.69 μs
[18:40:38] [main/TRACE] [REI] [REIPlugin START] Reloading Section: "end-reload/DisplaySerializerRegistryImpl/"
[18:40:38] [main/TRACE] [REI] [REIPlugin START] Reloading Section: "end-reload/DisplaySerializerRegistryImpl/" done in 48.25 μs
[18:40:38] [main/TRACE] [REI] [REIPlugin START] Reloading Section: "end-reload/FluidSupportProviderImpl/"
[18:40:38] [main/TRACE] [REI] [REIPlugin START] Reloading Section: "end-reload/FluidSupportProviderImpl/" done in 51.10 μs
[18:40:38] [main/TRACE] [REI] [REIPlugin START] Reloading Section: "end-reload/" done in 1.184 ms
[18:40:38] [main/DEBUG] [REI] ========================================
[18:40:38] [main/DEBUG] [REI] REIPlugin ended main-reload for START in 31.33 ms.
[18:40:38] [main/DEBUG] [REI] ========================================
[18:40:38] [main/INFO] [REI] %%%%%%%%%%%%%%%%%%%%%%%%%%%%%%%%%%%%%%%%
[18:40:38] [main/INFO] [REI] REIServerPlugin starting main-reload for START.
[18:40:38] [main/DEBUG] [REI] Reloadables (2):
[18:40:38] [main/DEBUG] [REI]  - MenuInfoRegistryImpl
[18:40:38] [main/DEBUG] [REI]  - SlotAccessorRegistryImpl
[18:40:38] [main/INFO] [REI] Plugins (4):
[18:40:38] [main/INFO] [REI]  - (-100.00) DefaultPluginImpl of DefaultPluginImpl [roughlyenoughitems]
[18:40:38] [main/INFO] [REI]  - (0.00) BackpackReiCommonPlugin of BackpackReiCommonPlugin [sophisticatedbackpacks]
[18:40:38] [main/INFO] [REI]  - (0.00) CoreReiCommonPlugin of CoreReiCommonPlugin [sophisticatedcore]
[18:40:38] [main/INFO] [REI]  - (0.00) DefaultRuntimePlugin of DefaultRuntimePlugin [roughlyenoughitems]
[18:40:38] [main/INFO] [REI] %%%%%%%%%%%%%%%%%%%%%%%%%%%%%%%%%%%%%%%%
[18:40:38] [main/TRACE] [REI] [REIServerPlugin START] Reloading Section: "start-reload/"
[18:40:38] [main/TRACE] [REI] [REIServerPlugin START] Reloading Section: "start-reload/MenuInfoRegistryImpl/"
[18:40:38] [main/TRACE] [REI] [REIServerPlugin START] Reloading Section: "start-reload/MenuInfoRegistryImpl/" done in 57.52 μs
[18:40:38] [main/TRACE] [REI] [REIServerPlugin START] Reloading Section: "start-reload/SlotAccessorRegistryImpl/"
[18:40:38] [main/TRACE] [REI] [REIServerPlugin START] Reloading Section: "start-reload/SlotAccessorRegistryImpl/" done in 55.20 μs
[18:40:38] [main/TRACE] [REI] [REIServerPlugin START] Reloading Section: "start-reload/" done in 365.1 μs
[18:40:38] [main/DEBUG] [REI] ========================================
[18:40:38] [main/DEBUG] [REI] REIServerPlugin started main-reload for START.
[18:40:38] [main/DEBUG] [REI] ========================================
[18:40:38] [main/TRACE] [REI] [REIServerPlugin START] Reloading Section: "reloadable-plugin/MenuInfoRegistryImpl/"
[18:40:38] [main/TRACE] [REI] [REIServerPlugin START] Reloading Section: "reloadable-plugin/MenuInfoRegistryImpl/DefaultPluginImpl of DefaultPluginImpl [roughlyenoughitems]/"
[18:40:38] [main/TRACE] [REI] [REIServerPlugin START] Reloading Section: "reloadable-plugin/MenuInfoRegistryImpl/DefaultPluginImpl of DefaultPluginImpl [roughlyenoughitems]/" done in 56.42 μs
[18:40:38] [main/TRACE] [REI] [REIServerPlugin START] Reloading Section: "reloadable-plugin/MenuInfoRegistryImpl/BackpackReiCommonPlugin of BackpackReiCommonPlugin [sophisticatedbackpacks]/"
[18:40:38] [main/TRACE] [REI] [REIServerPlugin START] Reloading Section: "reloadable-plugin/MenuInfoRegistryImpl/BackpackReiCommonPlugin of BackpackReiCommonPlugin [sophisticatedbackpacks]/" done in 52.77 μs
[18:40:38] [main/TRACE] [REI] [REIServerPlugin START] Reloading Section: "reloadable-plugin/MenuInfoRegistryImpl/CoreReiCommonPlugin of CoreReiCommonPlugin [sophisticatedcore]/"
[18:40:38] [main/TRACE] [REI] [REIServerPlugin START] Reloading Section: "reloadable-plugin/MenuInfoRegistryImpl/CoreReiCommonPlugin of CoreReiCommonPlugin [sophisticatedcore]/" done in 87.64 μs
[18:40:38] [main/TRACE] [REI] [REIServerPlugin START] Reloading Section: "reloadable-plugin/MenuInfoRegistryImpl/DefaultRuntimePlugin of DefaultRuntimePlugin [roughlyenoughitems]/"
[18:40:38] [main/TRACE] [REI] [REIServerPlugin START] Reloading Section: "reloadable-plugin/MenuInfoRegistryImpl/DefaultRuntimePlugin of DefaultRuntimePlugin [roughlyenoughitems]/" done in 57.84 μs
[18:40:38] [main/TRACE] [REI] [REIServerPlugin START] Reloading Section: "reloadable-plugin/MenuInfoRegistryImpl/" done in 704.6 μs
[18:40:38] [main/TRACE] [REI] [REIServerPlugin START] Reloading Section: "reloadable-plugin/SlotAccessorRegistryImpl/"
[18:40:38] [main/TRACE] [REI] [REIServerPlugin START] Reloading Section: "reloadable-plugin/SlotAccessorRegistryImpl/DefaultPluginImpl of DefaultPluginImpl [roughlyenoughitems]/"
[18:40:38] [main/TRACE] [REI] [REIServerPlugin START] Reloading Section: "reloadable-plugin/SlotAccessorRegistryImpl/DefaultPluginImpl of DefaultPluginImpl [roughlyenoughitems]/" done in 52.81 μs
[18:40:38] [main/TRACE] [REI] [REIServerPlugin START] Reloading Section: "reloadable-plugin/SlotAccessorRegistryImpl/BackpackReiCommonPlugin of BackpackReiCommonPlugin [sophisticatedbackpacks]/"
[18:40:38] [main/TRACE] [REI] [REIServerPlugin START] Reloading Section: "reloadable-plugin/SlotAccessorRegistryImpl/BackpackReiCommonPlugin of BackpackReiCommonPlugin [sophisticatedbackpacks]/" done in 54.09 μs
[18:40:38] [main/TRACE] [REI] [REIServerPlugin START] Reloading Section: "reloadable-plugin/SlotAccessorRegistryImpl/CoreReiCommonPlugin of CoreReiCommonPlugin [sophisticatedcore]/"
[18:40:38] [main/TRACE] [REI] [REIServerPlugin START] Reloading Section: "reloadable-plugin/SlotAccessorRegistryImpl/CoreReiCommonPlugin of CoreReiCommonPlugin [sophisticatedcore]/" done in 62.74 μs
[18:40:38] [main/TRACE] [REI] [REIServerPlugin START] Reloading Section: "reloadable-plugin/SlotAccessorRegistryImpl/DefaultRuntimePlugin of DefaultRuntimePlugin [roughlyenoughitems]/"
[18:40:38] [main/TRACE] [REI] [REIServerPlugin START] Reloading Section: "reloadable-plugin/SlotAccessorRegistryImpl/DefaultRuntimePlugin of DefaultRuntimePlugin [roughlyenoughitems]/" done in 73.75 μs
[18:40:38] [main/TRACE] [REI] [REIServerPlugin START] Reloading Section: "reloadable-plugin/SlotAccessorRegistryImpl/" done in 717.4 μs
[18:40:38] [main/DEBUG] [REI] ========================================
[18:40:38] [main/DEBUG] [REI] REIServerPlugin ending main-reload for START.
[18:40:38] [main/DEBUG] [REI] ========================================
[18:40:38] [main/TRACE] [REI] [REIServerPlugin START] Reloading Section: "end-reload/"
[18:40:38] [main/TRACE] [REI] [REIServerPlugin START] Reloading Section: "end-reload/MenuInfoRegistryImpl/"
[18:40:38] [main/TRACE] [REI] [REIServerPlugin START] Reloading Section: "end-reload/MenuInfoRegistryImpl/" done in 50.01 μs
[18:40:38] [main/TRACE] [REI] [REIServerPlugin START] Reloading Section: "end-reload/SlotAccessorRegistryImpl/"
[18:40:38] [main/TRACE] [REI] [REIServerPlugin START] Reloading Section: "end-reload/SlotAccessorRegistryImpl/" done in 46.13 μs
[18:40:38] [main/TRACE] [REI] [REIServerPlugin START] Reloading Section: "end-reload/" done in 326.0 μs
[18:40:38] [main/DEBUG] [REI] ========================================
[18:40:38] [main/DEBUG] [REI] REIServerPlugin ended main-reload for START in 4.890 ms.
[18:40:38] [main/DEBUG] [REI] ========================================
[18:40:38] [main/DEBUG] [REI] ========================================
[18:40:38] [main/DEBUG] [REI] REIPlugin starting post-reload for START.
[18:40:38] [main/DEBUG] [REI] Reloadables (7):
[18:40:38] [main/DEBUG] [REI]  - EntryTypeRegistryImpl
[18:40:38] [main/DEBUG] [REI]  - EntrySettingsAdapterRegistryImpl
[18:40:38] [main/DEBUG] [REI]  - RecipeManagerContextImpl
[18:40:38] [main/DEBUG] [REI]  - ItemComparatorRegistryImpl
[18:40:38] [main/DEBUG] [REI]  - FluidComparatorRegistryImpl
[18:40:38] [main/DEBUG] [REI]  - DisplaySerializerRegistryImpl
[18:40:38] [main/DEBUG] [REI]  - FluidSupportProviderImpl
[18:40:38] [main/DEBUG] [REI] Plugins (4):
[18:40:38] [main/DEBUG] [REI]  - (-100.00) DefaultPluginImpl of DefaultPluginImpl [roughlyenoughitems]
[18:40:38] [main/DEBUG] [REI]  - (0.00) DefaultRuntimePlugin of DefaultRuntimePlugin [roughlyenoughitems]
[18:40:38] [main/DEBUG] [REI]  - (0.00) BackpackReiCommonPlugin of BackpackReiCommonPlugin [sophisticatedbackpacks]
[18:40:38] [main/DEBUG] [REI]  - (0.00) CoreReiCommonPlugin of CoreReiCommonPlugin [sophisticatedcore]
[18:40:38] [main/DEBUG] [REI] ========================================
[18:40:38] [main/TRACE] [REI] [REIPlugin START] Reloading Section: "post-register/"
[18:40:38] [main/TRACE] [REI] [REIPlugin START] Reloading Section: "post-register/DefaultPluginImpl of DefaultPluginImpl [roughlyenoughitems]/"
[18:40:38] [main/TRACE] [REI] [REIPlugin START] Reloading Section: "post-register/DefaultPluginImpl of DefaultPluginImpl [roughlyenoughitems]/" done in 212.4 μs
[18:40:38] [main/TRACE] [REI] [REIPlugin START] Reloading Section: "post-register/DefaultRuntimePlugin of DefaultRuntimePlugin [roughlyenoughitems]/"
[18:40:38] [main/TRACE] [REI] [REIPlugin START] Reloading Section: "post-register/DefaultRuntimePlugin of DefaultRuntimePlugin [roughlyenoughitems]/" done in 47.81 μs
[18:40:38] [main/TRACE] [REI] [REIPlugin START] Reloading Section: "post-register/BackpackReiCommonPlugin of BackpackReiCommonPlugin [sophisticatedbackpacks]/"
[18:40:38] [main/TRACE] [REI] [REIPlugin START] Reloading Section: "post-register/BackpackReiCommonPlugin of BackpackReiCommonPlugin [sophisticatedbackpacks]/" done in 30.51 μs
[18:40:38] [main/TRACE] [REI] [REIPlugin START] Reloading Section: "post-register/CoreReiCommonPlugin of CoreReiCommonPlugin [sophisticatedcore]/"
[18:40:38] [main/TRACE] [REI] [REIPlugin START] Reloading Section: "post-register/CoreReiCommonPlugin of CoreReiCommonPlugin [sophisticatedcore]/" done in 29.49 μs
[18:40:38] [main/TRACE] [REI] [REIPlugin START] Reloading Section: "post-register/" done in 868.4 μs
[18:40:38] [main/TRACE] [REI] [REIPlugin START] Reloading Section: "post-stage/"
[18:40:38] [main/TRACE] [REI] [REIPlugin START] Reloading Section: "post-stage/EntryTypeRegistryImpl/"
[18:40:38] [main/TRACE] [REI] [REIPlugin START] Reloading Section: "post-stage/EntryTypeRegistryImpl/" done in 38.25 μs
[18:40:38] [main/TRACE] [REI] [REIPlugin START] Reloading Section: "post-stage/EntrySettingsAdapterRegistryImpl/"
[18:40:38] [main/TRACE] [REI] [REIPlugin START] Reloading Section: "post-stage/EntrySettingsAdapterRegistryImpl/" done in 49.29 μs
[18:40:38] [main/TRACE] [REI] [REIPlugin START] Reloading Section: "post-stage/RecipeManagerContextImpl/"
[18:40:38] [main/TRACE] [REI] [REIPlugin START] Reloading Section: "post-stage/RecipeManagerContextImpl/" done in 44.25 μs
[18:40:38] [main/TRACE] [REI] [REIPlugin START] Reloading Section: "post-stage/ItemComparatorRegistryImpl/"
[18:40:38] [main/TRACE] [REI] [REIPlugin START] Reloading Section: "post-stage/ItemComparatorRegistryImpl/" done in 48.31 μs
[18:40:38] [main/TRACE] [REI] [REIPlugin START] Reloading Section: "post-stage/FluidComparatorRegistryImpl/"
[18:40:38] [main/TRACE] [REI] [REIPlugin START] Reloading Section: "post-stage/FluidComparatorRegistryImpl/" done in 49.57 μs
[18:40:38] [main/TRACE] [REI] [REIPlugin START] Reloading Section: "post-stage/DisplaySerializerRegistryImpl/"
[18:40:38] [main/TRACE] [REI] [REIPlugin START] Reloading Section: "post-stage/DisplaySerializerRegistryImpl/" done in 51.07 μs
[18:40:38] [main/TRACE] [REI] [REIPlugin START] Reloading Section: "post-stage/FluidSupportProviderImpl/"
[18:40:38] [main/TRACE] [REI] [REIPlugin START] Reloading Section: "post-stage/FluidSupportProviderImpl/" done in 52.55 μs
[18:40:38] [main/TRACE] [REI] [REIPlugin START] Reloading Section: "post-stage/" done in 1.086 ms
[18:40:38] [main/DEBUG] [REI] ========================================
[18:40:38] [main/INFO] [REI] REIPlugin finished post-reload for START in 2.170 ms, totaling 46.89 ms.
[18:40:38] [main/DEBUG] [REI] ========================================
[18:40:38] [main/DEBUG] [REI] ========================================
[18:40:38] [main/DEBUG] [REI] REIServerPlugin starting post-reload for START.
[18:40:38] [main/DEBUG] [REI] Reloadables (2):
[18:40:38] [main/DEBUG] [REI]  - MenuInfoRegistryImpl
[18:40:38] [main/DEBUG] [REI]  - SlotAccessorRegistryImpl
[18:40:38] [main/DEBUG] [REI] Plugins (4):
[18:40:38] [main/DEBUG] [REI]  - (-100.00) DefaultPluginImpl of DefaultPluginImpl [roughlyenoughitems]
[18:40:38] [main/DEBUG] [REI]  - (0.00) BackpackReiCommonPlugin of BackpackReiCommonPlugin [sophisticatedbackpacks]
[18:40:38] [main/DEBUG] [REI]  - (0.00) CoreReiCommonPlugin of CoreReiCommonPlugin [sophisticatedcore]
[18:40:38] [main/DEBUG] [REI]  - (0.00) DefaultRuntimePlugin of DefaultRuntimePlugin [roughlyenoughitems]
[18:40:38] [main/DEBUG] [REI] ========================================
[18:40:38] [main/TRACE] [REI] [REIServerPlugin START] Reloading Section: "post-register/"
[18:40:38] [main/TRACE] [REI] [REIServerPlugin START] Reloading Section: "post-register/DefaultPluginImpl of DefaultPluginImpl [roughlyenoughitems]/"
[18:40:38] [main/TRACE] [REI] [REIServerPlugin START] Reloading Section: "post-register/DefaultPluginImpl of DefaultPluginImpl [roughlyenoughitems]/" done in 50.43 μs
[18:40:38] [main/TRACE] [REI] [REIServerPlugin START] Reloading Section: "post-register/BackpackReiCommonPlugin of BackpackReiCommonPlugin [sophisticatedbackpacks]/"
[18:40:38] [main/TRACE] [REI] [REIServerPlugin START] Reloading Section: "post-register/BackpackReiCommonPlugin of BackpackReiCommonPlugin [sophisticatedbackpacks]/" done in 47.47 μs
[18:40:38] [main/TRACE] [REI] [REIServerPlugin START] Reloading Section: "post-register/CoreReiCommonPlugin of CoreReiCommonPlugin [sophisticatedcore]/"
[18:40:38] [main/TRACE] [REI] [REIServerPlugin START] Reloading Section: "post-register/CoreReiCommonPlugin of CoreReiCommonPlugin [sophisticatedcore]/" done in 52.33 μs
[18:40:38] [main/TRACE] [REI] [REIServerPlugin START] Reloading Section: "post-register/DefaultRuntimePlugin of DefaultRuntimePlugin [roughlyenoughitems]/"
[18:40:38] [main/TRACE] [REI] [REIServerPlugin START] Reloading Section: "post-register/DefaultRuntimePlugin of DefaultRuntimePlugin [roughlyenoughitems]/" done in 47.50 μs
[18:40:38] [main/TRACE] [REI] [REIServerPlugin START] Reloading Section: "post-register/" done in 618.4 μs
[18:40:38] [main/TRACE] [REI] [REIServerPlugin START] Reloading Section: "post-stage/"
[18:40:38] [main/TRACE] [REI] [REIServerPlugin START] Reloading Section: "post-stage/MenuInfoRegistryImpl/"
[18:40:38] [main/TRACE] [REI] [REIServerPlugin START] Reloading Section: "post-stage/MenuInfoRegistryImpl/" done in 45.19 μs
[18:40:38] [main/TRACE] [REI] [REIServerPlugin START] Reloading Section: "post-stage/SlotAccessorRegistryImpl/"
[18:40:38] [main/TRACE] [REI] [REIServerPlugin START] Reloading Section: "post-stage/SlotAccessorRegistryImpl/" done in 50.92 μs
[18:40:38] [main/TRACE] [REI] [REIServerPlugin START] Reloading Section: "post-stage/" done in 362.1 μs
[18:40:38] [main/DEBUG] [REI] ========================================
[18:40:38] [main/INFO] [REI] REIServerPlugin finished post-reload for START in 1.182 ms, totaling 8.473 ms.
[18:40:38] [main/DEBUG] [REI] ========================================
[18:40:38] [main/DEBUG] [REI] ========================================
[18:40:38] [main/DEBUG] [REI] REIPlugin starting pre-reload for END.
[18:40:38] [main/DEBUG] [REI] Reloadables (7):
[18:40:38] [main/DEBUG] [REI]  - EntryTypeRegistryImpl
[18:40:38] [main/DEBUG] [REI]  - EntrySettingsAdapterRegistryImpl
[18:40:38] [main/DEBUG] [REI]  - RecipeManagerContextImpl
[18:40:38] [main/DEBUG] [REI]  - ItemComparatorRegistryImpl
[18:40:38] [main/DEBUG] [REI]  - FluidComparatorRegistryImpl
[18:40:38] [main/DEBUG] [REI]  - DisplaySerializerRegistryImpl
[18:40:38] [main/DEBUG] [REI]  - FluidSupportProviderImpl
[18:40:38] [main/DEBUG] [REI] Plugins (4):
[18:40:38] [main/DEBUG] [REI]  - (-100.00) DefaultPluginImpl of DefaultPluginImpl [roughlyenoughitems]
[18:40:38] [main/DEBUG] [REI]  - (0.00) DefaultRuntimePlugin of DefaultRuntimePlugin [roughlyenoughitems]
[18:40:38] [main/DEBUG] [REI]  - (0.00) BackpackReiCommonPlugin of BackpackReiCommonPlugin [sophisticatedbackpacks]
[18:40:38] [main/DEBUG] [REI]  - (0.00) CoreReiCommonPlugin of CoreReiCommonPlugin [sophisticatedcore]
[18:40:38] [main/DEBUG] [REI] ========================================
[18:40:38] [main/TRACE] [REI] [REIPlugin END] Reloading Section: "pre-register/"
[18:40:38] [main/TRACE] [REI] [REIPlugin END] Reloading Section: "pre-register/DefaultPluginImpl of DefaultPluginImpl [roughlyenoughitems]/"
[18:40:38] [main/TRACE] [REI] [REIPlugin END] Reloading Section: "pre-register/DefaultPluginImpl of DefaultPluginImpl [roughlyenoughitems]/" done in 49.60 μs
[18:40:38] [main/TRACE] [REI] [REIPlugin END] Reloading Section: "pre-register/DefaultRuntimePlugin of DefaultRuntimePlugin [roughlyenoughitems]/"
[18:40:38] [main/TRACE] [REI] [REIPlugin END] Reloading Section: "pre-register/DefaultRuntimePlugin of DefaultRuntimePlugin [roughlyenoughitems]/" done in 48.69 μs
[18:40:38] [main/TRACE] [REI] [REIPlugin END] Reloading Section: "pre-register/BackpackReiCommonPlugin of BackpackReiCommonPlugin [sophisticatedbackpacks]/"
[18:40:38] [main/TRACE] [REI] [REIPlugin END] Reloading Section: "pre-register/BackpackReiCommonPlugin of BackpackReiCommonPlugin [sophisticatedbackpacks]/" done in 46.40 μs
[18:40:38] [main/TRACE] [REI] [REIPlugin END] Reloading Section: "pre-register/CoreReiCommonPlugin of CoreReiCommonPlugin [sophisticatedcore]/"
[18:40:38] [main/TRACE] [REI] [REIPlugin END] Reloading Section: "pre-register/CoreReiCommonPlugin of CoreReiCommonPlugin [sophisticatedcore]/" done in 45.57 μs
[18:40:38] [main/TRACE] [REI] [REIPlugin END] Reloading Section: "pre-register/" done in 586.3 μs
[18:40:38] [main/TRACE] [REI] [REIPlugin END] Reloading Section: "pre-stage/"
[18:40:38] [main/TRACE] [REI] [REIPlugin END] Reloading Section: "pre-stage/EntryTypeRegistryImpl/"
[18:40:38] [main/TRACE] [REI] [REIPlugin END] Reloading Section: "pre-stage/EntryTypeRegistryImpl/" done in 49.94 μs
[18:40:38] [main/TRACE] [REI] [REIPlugin END] Reloading Section: "pre-stage/EntrySettingsAdapterRegistryImpl/"
[18:40:38] [main/TRACE] [REI] [REIPlugin END] Reloading Section: "pre-stage/EntrySettingsAdapterRegistryImpl/" done in 73.47 μs
[18:40:38] [main/TRACE] [REI] [REIPlugin END] Reloading Section: "pre-stage/RecipeManagerContextImpl/"
[18:40:38] [main/TRACE] [REI] [REIPlugin END] Reloading Section: "pre-stage/RecipeManagerContextImpl/" done in 48.39 μs
[18:40:38] [main/TRACE] [REI] [REIPlugin END] Reloading Section: "pre-stage/ItemComparatorRegistryImpl/"
[18:40:38] [main/TRACE] [REI] [REIPlugin END] Reloading Section: "pre-stage/ItemComparatorRegistryImpl/" done in 44.24 μs
[18:40:38] [main/TRACE] [REI] [REIPlugin END] Reloading Section: "pre-stage/FluidComparatorRegistryImpl/"
[18:40:38] [main/TRACE] [REI] [REIPlugin END] Reloading Section: "pre-stage/FluidComparatorRegistryImpl/" done in 44.90 μs
[18:40:38] [main/TRACE] [REI] [REIPlugin END] Reloading Section: "pre-stage/DisplaySerializerRegistryImpl/"
[18:40:38] [main/TRACE] [REI] [REIPlugin END] Reloading Section: "pre-stage/DisplaySerializerRegistryImpl/" done in 44.34 μs
[18:40:38] [main/TRACE] [REI] [REIPlugin END] Reloading Section: "pre-stage/FluidSupportProviderImpl/"
[18:40:38] [main/TRACE] [REI] [REIPlugin END] Reloading Section: "pre-stage/FluidSupportProviderImpl/" done in 56.05 μs
[18:40:38] [main/TRACE] [REI] [REIPlugin END] Reloading Section: "pre-stage/" done in 1.017 ms
[18:40:38] [main/DEBUG] [REI] ========================================
[18:40:38] [main/DEBUG] [REI] REIPlugin finished pre-reload for END in 1.780 ms.
[18:40:38] [main/DEBUG] [REI] ========================================
[18:40:38] [main/DEBUG] [REI] ========================================
[18:40:38] [main/DEBUG] [REI] REIServerPlugin starting pre-reload for END.
[18:40:38] [main/DEBUG] [REI] Reloadables (2):
[18:40:38] [main/DEBUG] [REI]  - MenuInfoRegistryImpl
[18:40:38] [main/DEBUG] [REI]  - SlotAccessorRegistryImpl
[18:40:38] [main/DEBUG] [REI] Plugins (4):
[18:40:38] [main/DEBUG] [REI]  - (-100.00) DefaultPluginImpl of DefaultPluginImpl [roughlyenoughitems]
[18:40:38] [main/DEBUG] [REI]  - (0.00) BackpackReiCommonPlugin of BackpackReiCommonPlugin [sophisticatedbackpacks]
[18:40:38] [main/DEBUG] [REI]  - (0.00) CoreReiCommonPlugin of CoreReiCommonPlugin [sophisticatedcore]
[18:40:38] [main/DEBUG] [REI]  - (0.00) DefaultRuntimePlugin of DefaultRuntimePlugin [roughlyenoughitems]
[18:40:38] [main/DEBUG] [REI] ========================================
[18:40:38] [main/TRACE] [REI] [REIServerPlugin END] Reloading Section: "pre-register/"
[18:40:38] [main/TRACE] [REI] [REIServerPlugin END] Reloading Section: "pre-register/DefaultPluginImpl of DefaultPluginImpl [roughlyenoughitems]/"
[18:40:38] [main/TRACE] [REI] [REIServerPlugin END] Reloading Section: "pre-register/DefaultPluginImpl of DefaultPluginImpl [roughlyenoughitems]/" done in 48.43 μs
[18:40:38] [main/TRACE] [REI] [REIServerPlugin END] Reloading Section: "pre-register/BackpackReiCommonPlugin of BackpackReiCommonPlugin [sophisticatedbackpacks]/"
[18:40:38] [main/TRACE] [REI] [REIServerPlugin END] Reloading Section: "pre-register/BackpackReiCommonPlugin of BackpackReiCommonPlugin [sophisticatedbackpacks]/" done in 47.19 μs
[18:40:38] [main/TRACE] [REI] [REIServerPlugin END] Reloading Section: "pre-register/CoreReiCommonPlugin of CoreReiCommonPlugin [sophisticatedcore]/"
[18:40:38] [main/TRACE] [REI] [REIServerPlugin END] Reloading Section: "pre-register/CoreReiCommonPlugin of CoreReiCommonPlugin [sophisticatedcore]/" done in 45.56 μs
[18:40:38] [main/TRACE] [REI] [REIServerPlugin END] Reloading Section: "pre-register/DefaultRuntimePlugin of DefaultRuntimePlugin [roughlyenoughitems]/"
[18:40:38] [main/TRACE] [REI] [REIServerPlugin END] Reloading Section: "pre-register/DefaultRuntimePlugin of DefaultRuntimePlugin [roughlyenoughitems]/" done in 46.42 μs
[18:40:38] [main/TRACE] [REI] [REIServerPlugin END] Reloading Section: "pre-register/" done in 566.9 μs
[18:40:38] [main/TRACE] [REI] [REIServerPlugin END] Reloading Section: "pre-stage/"
[18:40:38] [main/TRACE] [REI] [REIServerPlugin END] Reloading Section: "pre-stage/MenuInfoRegistryImpl/"
[18:40:38] [main/TRACE] [REI] [REIServerPlugin END] Reloading Section: "pre-stage/MenuInfoRegistryImpl/" done in 68.11 μs
[18:40:38] [main/TRACE] [REI] [REIServerPlugin END] Reloading Section: "pre-stage/SlotAccessorRegistryImpl/"
[18:40:38] [main/TRACE] [REI] [REIServerPlugin END] Reloading Section: "pre-stage/SlotAccessorRegistryImpl/" done in 67.69 μs
[18:40:38] [main/TRACE] [REI] [REIServerPlugin END] Reloading Section: "pre-stage/" done in 384.6 μs
[18:40:38] [main/DEBUG] [REI] ========================================
[18:40:38] [main/DEBUG] [REI] REIServerPlugin finished pre-reload for END in 1.108 ms.
[18:40:38] [main/DEBUG] [REI] ========================================
[18:40:38] [main/INFO] [REI] ~~~~~~~~~~~~~~~~~~~~~~~~~~~~~~~~~~~~~~~~
[18:40:38] [main/INFO] [REI] REIPlugin starting main-reload for END.
[18:40:38] [main/DEBUG] [REI] Reloadables (7):
[18:40:38] [main/DEBUG] [REI]  - EntryTypeRegistryImpl
[18:40:38] [main/DEBUG] [REI]  - EntrySettingsAdapterRegistryImpl
[18:40:38] [main/DEBUG] [REI]  - RecipeManagerContextImpl
[18:40:38] [main/DEBUG] [REI]  - ItemComparatorRegistryImpl
[18:40:38] [main/DEBUG] [REI]  - FluidComparatorRegistryImpl
[18:40:38] [main/DEBUG] [REI]  - DisplaySerializerRegistryImpl
[18:40:38] [main/DEBUG] [REI]  - FluidSupportProviderImpl
[18:40:38] [main/INFO] [REI] Plugins (4):
[18:40:38] [main/INFO] [REI]  - (-100.00) DefaultPluginImpl of DefaultPluginImpl [roughlyenoughitems]
[18:40:38] [main/INFO] [REI]  - (0.00) DefaultRuntimePlugin of DefaultRuntimePlugin [roughlyenoughitems]
[18:40:38] [main/INFO] [REI]  - (0.00) BackpackReiCommonPlugin of BackpackReiCommonPlugin [sophisticatedbackpacks]
[18:40:38] [main/INFO] [REI]  - (0.00) CoreReiCommonPlugin of CoreReiCommonPlugin [sophisticatedcore]
[18:40:38] [main/INFO] [REI] ~~~~~~~~~~~~~~~~~~~~~~~~~~~~~~~~~~~~~~~~
[18:40:38] [main/TRACE] [REI] [REIPlugin END] Reloading Section: "start-reload/"
[18:40:38] [main/TRACE] [REI] [REIPlugin END] Reloading Section: "start-reload/EntryTypeRegistryImpl/"
[18:40:38] [main/TRACE] [REI] [REIPlugin END] Reloading Section: "start-reload/EntryTypeRegistryImpl/" done in 42.49 μs
[18:40:38] [main/TRACE] [REI] [REIPlugin END] Reloading Section: "start-reload/EntrySettingsAdapterRegistryImpl/"
[18:40:38] [main/TRACE] [REI] [REIPlugin END] Reloading Section: "start-reload/EntrySettingsAdapterRegistryImpl/" done in 62.19 μs
[18:40:38] [main/TRACE] [REI] [REIPlugin END] Reloading Section: "start-reload/RecipeManagerContextImpl/"
[18:40:38] [main/TRACE] [REI] [REIPlugin END] Reloading Section: "start-reload/RecipeManagerContextImpl/" done in 43.09 μs
[18:40:38] [main/TRACE] [REI] [REIPlugin END] Reloading Section: "start-reload/ItemComparatorRegistryImpl/"
[18:40:38] [main/TRACE] [REI] [REIPlugin END] Reloading Section: "start-reload/ItemComparatorRegistryImpl/" done in 38.86 μs
[18:40:38] [main/TRACE] [REI] [REIPlugin END] Reloading Section: "start-reload/FluidComparatorRegistryImpl/"
[18:40:38] [main/TRACE] [REI] [REIPlugin END] Reloading Section: "start-reload/FluidComparatorRegistryImpl/" done in 42.11 μs
[18:40:38] [main/TRACE] [REI] [REIPlugin END] Reloading Section: "start-reload/DisplaySerializerRegistryImpl/"
[18:40:38] [main/TRACE] [REI] [REIPlugin END] Reloading Section: "start-reload/DisplaySerializerRegistryImpl/" done in 49.55 μs
[18:40:38] [main/TRACE] [REI] [REIPlugin END] Reloading Section: "start-reload/FluidSupportProviderImpl/"
[18:40:38] [main/TRACE] [REI] [REIPlugin END] Reloading Section: "start-reload/FluidSupportProviderImpl/" done in 37.96 μs
[18:40:38] [main/TRACE] [REI] [REIPlugin END] Reloading Section: "start-reload/" done in 938.1 μs
[18:40:38] [main/DEBUG] [REI] ========================================
[18:40:38] [main/DEBUG] [REI] REIPlugin started main-reload for END.
[18:40:38] [main/DEBUG] [REI] ========================================
[18:40:38] [main/TRACE] [REI] [REIPlugin END] Reloading Section: "reloadable-plugin/EntryTypeRegistryImpl/"
[18:40:38] [main/TRACE] [REI] [REIPlugin END] Reloading Section: "reloadable-plugin/EntryTypeRegistryImpl/DefaultPluginImpl of DefaultPluginImpl [roughlyenoughitems]/"
[18:40:38] [main/TRACE] [REI] [REIPlugin END] Reloading Section: "reloadable-plugin/EntryTypeRegistryImpl/DefaultPluginImpl of DefaultPluginImpl [roughlyenoughitems]/" done in 46.83 μs
[18:40:38] [main/TRACE] [REI] [REIPlugin END] Reloading Section: "reloadable-plugin/EntryTypeRegistryImpl/DefaultRuntimePlugin of DefaultRuntimePlugin [roughlyenoughitems]/"
[18:40:38] [main/TRACE] [REI] [REIPlugin END] Reloading Section: "reloadable-plugin/EntryTypeRegistryImpl/DefaultRuntimePlugin of DefaultRuntimePlugin [roughlyenoughitems]/" done in 45.36 μs
[18:40:38] [main/TRACE] [REI] [REIPlugin END] Reloading Section: "reloadable-plugin/EntryTypeRegistryImpl/BackpackReiCommonPlugin of BackpackReiCommonPlugin [sophisticatedbackpacks]/"
[18:40:38] [main/TRACE] [REI] [REIPlugin END] Reloading Section: "reloadable-plugin/EntryTypeRegistryImpl/BackpackReiCommonPlugin of BackpackReiCommonPlugin [sophisticatedbackpacks]/" done in 46.19 μs
[18:40:38] [main/TRACE] [REI] [REIPlugin END] Reloading Section: "reloadable-plugin/EntryTypeRegistryImpl/CoreReiCommonPlugin of CoreReiCommonPlugin [sophisticatedcore]/"
[18:40:38] [main/TRACE] [REI] [REIPlugin END] Reloading Section: "reloadable-plugin/EntryTypeRegistryImpl/CoreReiCommonPlugin of CoreReiCommonPlugin [sophisticatedcore]/" done in 45.70 μs
[18:40:38] [main/TRACE] [REI] [REIPlugin END] Reloading Section: "reloadable-plugin/EntryTypeRegistryImpl/" done in 612.1 μs
[18:40:38] [main/TRACE] [REI] [REIPlugin END] Reloading Section: "reloadable-plugin/EntrySettingsAdapterRegistryImpl/"
[18:40:38] [main/TRACE] [REI] [REIPlugin END] Reloading Section: "reloadable-plugin/EntrySettingsAdapterRegistryImpl/DefaultPluginImpl of DefaultPluginImpl [roughlyenoughitems]/"
[18:40:38] [main/TRACE] [REI] [REIPlugin END] Reloading Section: "reloadable-plugin/EntrySettingsAdapterRegistryImpl/DefaultPluginImpl of DefaultPluginImpl [roughlyenoughitems]/" done in 66.75 μs
[18:40:38] [main/TRACE] [REI] [REIPlugin END] Reloading Section: "reloadable-plugin/EntrySettingsAdapterRegistryImpl/DefaultRuntimePlugin of DefaultRuntimePlugin [roughlyenoughitems]/"
[18:40:38] [main/TRACE] [REI] [REIPlugin END] Reloading Section: "reloadable-plugin/EntrySettingsAdapterRegistryImpl/DefaultRuntimePlugin of DefaultRuntimePlugin [roughlyenoughitems]/" done in 345.6 μs
[18:40:38] [main/TRACE] [REI] [REIPlugin END] Reloading Section: "reloadable-plugin/EntrySettingsAdapterRegistryImpl/BackpackReiCommonPlugin of BackpackReiCommonPlugin [sophisticatedbackpacks]/"
[18:40:38] [main/TRACE] [REI] [REIPlugin END] Reloading Section: "reloadable-plugin/EntrySettingsAdapterRegistryImpl/BackpackReiCommonPlugin of BackpackReiCommonPlugin [sophisticatedbackpacks]/" done in 68.90 μs
[18:40:38] [main/TRACE] [REI] [REIPlugin END] Reloading Section: "reloadable-plugin/EntrySettingsAdapterRegistryImpl/CoreReiCommonPlugin of CoreReiCommonPlugin [sophisticatedcore]/"
[18:40:38] [main/TRACE] [REI] [REIPlugin END] Reloading Section: "reloadable-plugin/EntrySettingsAdapterRegistryImpl/CoreReiCommonPlugin of CoreReiCommonPlugin [sophisticatedcore]/" done in 49.33 μs
[18:40:38] [main/TRACE] [REI] [REIPlugin END] Reloading Section: "reloadable-plugin/EntrySettingsAdapterRegistryImpl/" done in 995.7 μs
[18:40:38] [main/TRACE] [REI] [REIPlugin END] Reloading Section: "reloadable-plugin/RecipeManagerContextImpl/"
[18:40:38] [main/TRACE] [REI] [REIPlugin END] Reloading Section: "reloadable-plugin/RecipeManagerContextImpl/DefaultPluginImpl of DefaultPluginImpl [roughlyenoughitems]/"
[18:40:38] [main/TRACE] [REI] [REIPlugin END] Reloading Section: "reloadable-plugin/RecipeManagerContextImpl/DefaultPluginImpl of DefaultPluginImpl [roughlyenoughitems]/" done in 57.30 μs
[18:40:38] [main/TRACE] [REI] [REIPlugin END] Reloading Section: "reloadable-plugin/RecipeManagerContextImpl/DefaultRuntimePlugin of DefaultRuntimePlugin [roughlyenoughitems]/"
[18:40:38] [main/TRACE] [REI] [REIPlugin END] Reloading Section: "reloadable-plugin/RecipeManagerContextImpl/DefaultRuntimePlugin of DefaultRuntimePlugin [roughlyenoughitems]/" done in 43.32 μs
[18:40:38] [main/TRACE] [REI] [REIPlugin END] Reloading Section: "reloadable-plugin/RecipeManagerContextImpl/BackpackReiCommonPlugin of BackpackReiCommonPlugin [sophisticatedbackpacks]/"
[18:40:38] [main/TRACE] [REI] [REIPlugin END] Reloading Section: "reloadable-plugin/RecipeManagerContextImpl/BackpackReiCommonPlugin of BackpackReiCommonPlugin [sophisticatedbackpacks]/" done in 674.9 μs
[18:40:38] [main/TRACE] [REI] [REIPlugin END] Reloading Section: "reloadable-plugin/RecipeManagerContextImpl/CoreReiCommonPlugin of CoreReiCommonPlugin [sophisticatedcore]/"
[18:40:38] [main/TRACE] [REI] [REIPlugin END] Reloading Section: "reloadable-plugin/RecipeManagerContextImpl/CoreReiCommonPlugin of CoreReiCommonPlugin [sophisticatedcore]/" done in 75.91 μs
[18:40:38] [main/TRACE] [REI] [REIPlugin END] Reloading Section: "reloadable-plugin/RecipeManagerContextImpl/" done in 1.398 ms
[18:40:38] [main/TRACE] [REI] [REIPlugin END] Reloading Section: "reloadable-plugin/ItemComparatorRegistryImpl/"
[18:40:38] [main/TRACE] [REI] [REIPlugin END] Reloading Section: "reloadable-plugin/ItemComparatorRegistryImpl/DefaultPluginImpl of DefaultPluginImpl [roughlyenoughitems]/"
[18:40:38] [main/TRACE] [REI] [REIPlugin END] Reloading Section: "reloadable-plugin/ItemComparatorRegistryImpl/DefaultPluginImpl of DefaultPluginImpl [roughlyenoughitems]/" done in 45.87 μs
[18:40:38] [main/TRACE] [REI] [REIPlugin END] Reloading Section: "reloadable-plugin/ItemComparatorRegistryImpl/DefaultRuntimePlugin of DefaultRuntimePlugin [roughlyenoughitems]/"
[18:40:38] [main/TRACE] [REI] [REIPlugin END] Reloading Section: "reloadable-plugin/ItemComparatorRegistryImpl/DefaultRuntimePlugin of DefaultRuntimePlugin [roughlyenoughitems]/" done in 127.8 μs
[18:40:38] [main/TRACE] [REI] [REIPlugin END] Reloading Section: "reloadable-plugin/ItemComparatorRegistryImpl/BackpackReiCommonPlugin of BackpackReiCommonPlugin [sophisticatedbackpacks]/"
[18:40:38] [main/TRACE] [REI] [REIPlugin END] Reloading Section: "reloadable-plugin/ItemComparatorRegistryImpl/BackpackReiCommonPlugin of BackpackReiCommonPlugin [sophisticatedbackpacks]/" done in 47.62 μs
[18:40:38] [main/TRACE] [REI] [REIPlugin END] Reloading Section: "reloadable-plugin/ItemComparatorRegistryImpl/CoreReiCommonPlugin of CoreReiCommonPlugin [sophisticatedcore]/"
[18:40:38] [main/TRACE] [REI] [REIPlugin END] Reloading Section: "reloadable-plugin/ItemComparatorRegistryImpl/CoreReiCommonPlugin of CoreReiCommonPlugin [sophisticatedcore]/" done in 55.84 μs
[18:40:38] [main/TRACE] [REI] [REIPlugin END] Reloading Section: "reloadable-plugin/ItemComparatorRegistryImpl/" done in 900.2 μs
[18:40:38] [main/TRACE] [REI] [REIPlugin END] Reloading Section: "reloadable-plugin/FluidComparatorRegistryImpl/"
[18:40:38] [main/TRACE] [REI] [REIPlugin END] Reloading Section: "reloadable-plugin/FluidComparatorRegistryImpl/DefaultPluginImpl of DefaultPluginImpl [roughlyenoughitems]/"
[18:40:38] [main/TRACE] [REI] [REIPlugin END] Reloading Section: "reloadable-plugin/FluidComparatorRegistryImpl/DefaultPluginImpl of DefaultPluginImpl [roughlyenoughitems]/" done in 42.11 μs
[18:40:38] [main/TRACE] [REI] [REIPlugin END] Reloading Section: "reloadable-plugin/FluidComparatorRegistryImpl/DefaultRuntimePlugin of DefaultRuntimePlugin [roughlyenoughitems]/"
[18:40:38] [main/TRACE] [REI] [REIPlugin END] Reloading Section: "reloadable-plugin/FluidComparatorRegistryImpl/DefaultRuntimePlugin of DefaultRuntimePlugin [roughlyenoughitems]/" done in 125.6 μs
[18:40:38] [main/TRACE] [REI] [REIPlugin END] Reloading Section: "reloadable-plugin/FluidComparatorRegistryImpl/BackpackReiCommonPlugin of BackpackReiCommonPlugin [sophisticatedbackpacks]/"
[18:40:38] [main/TRACE] [REI] [REIPlugin END] Reloading Section: "reloadable-plugin/FluidComparatorRegistryImpl/BackpackReiCommonPlugin of BackpackReiCommonPlugin [sophisticatedbackpacks]/" done in 101.6 μs
[18:40:38] [main/TRACE] [REI] [REIPlugin END] Reloading Section: "reloadable-plugin/FluidComparatorRegistryImpl/CoreReiCommonPlugin of CoreReiCommonPlugin [sophisticatedcore]/"
[18:40:38] [main/TRACE] [REI] [REIPlugin END] Reloading Section: "reloadable-plugin/FluidComparatorRegistryImpl/CoreReiCommonPlugin of CoreReiCommonPlugin [sophisticatedcore]/" done in 54.48 μs
[18:40:38] [main/TRACE] [REI] [REIPlugin END] Reloading Section: "reloadable-plugin/FluidComparatorRegistryImpl/" done in 976.6 μs
[18:40:38] [main/TRACE] [REI] [REIPlugin END] Reloading Section: "reloadable-plugin/DisplaySerializerRegistryImpl/"
[18:40:38] [main/TRACE] [REI] [REIPlugin END] Reloading Section: "reloadable-plugin/DisplaySerializerRegistryImpl/DefaultPluginImpl of DefaultPluginImpl [roughlyenoughitems]/"
[18:40:38] [main/TRACE] [REI] [REIPlugin END] Reloading Section: "reloadable-plugin/DisplaySerializerRegistryImpl/DefaultPluginImpl of DefaultPluginImpl [roughlyenoughitems]/" done in 16.08 ms
[18:40:38] [main/TRACE] [REI] [REIPlugin END] Reloading Section: "reloadable-plugin/DisplaySerializerRegistryImpl/DefaultRuntimePlugin of DefaultRuntimePlugin [roughlyenoughitems]/"
[18:40:38] [main/TRACE] [REI] [REIPlugin END] Reloading Section: "reloadable-plugin/DisplaySerializerRegistryImpl/DefaultRuntimePlugin of DefaultRuntimePlugin [roughlyenoughitems]/" done in 104.7 μs
[18:40:38] [main/TRACE] [REI] [REIPlugin END] Reloading Section: "reloadable-plugin/DisplaySerializerRegistryImpl/BackpackReiCommonPlugin of BackpackReiCommonPlugin [sophisticatedbackpacks]/"
[18:40:38] [main/TRACE] [REI] [REIPlugin END] Reloading Section: "reloadable-plugin/DisplaySerializerRegistryImpl/BackpackReiCommonPlugin of BackpackReiCommonPlugin [sophisticatedbackpacks]/" done in 35.21 μs
[18:40:38] [main/TRACE] [REI] [REIPlugin END] Reloading Section: "reloadable-plugin/DisplaySerializerRegistryImpl/CoreReiCommonPlugin of CoreReiCommonPlugin [sophisticatedcore]/"
[18:40:38] [main/TRACE] [REI] [REIPlugin END] Reloading Section: "reloadable-plugin/DisplaySerializerRegistryImpl/CoreReiCommonPlugin of CoreReiCommonPlugin [sophisticatedcore]/" done in 43.12 μs
[18:40:38] [main/TRACE] [REI] [REIPlugin END] Reloading Section: "reloadable-plugin/DisplaySerializerRegistryImpl/" done in 16.97 ms
[18:40:38] [main/TRACE] [REI] [REIPlugin END] Reloading Section: "reloadable-plugin/FluidSupportProviderImpl/"
[18:40:38] [main/TRACE] [REI] [REIPlugin END] Reloading Section: "reloadable-plugin/FluidSupportProviderImpl/DefaultPluginImpl of DefaultPluginImpl [roughlyenoughitems]/"
[18:40:38] [main/TRACE] [REI] [REIPlugin END] Reloading Section: "reloadable-plugin/FluidSupportProviderImpl/DefaultPluginImpl of DefaultPluginImpl [roughlyenoughitems]/" done in 44.23 μs
[18:40:38] [main/TRACE] [REI] [REIPlugin END] Reloading Section: "reloadable-plugin/FluidSupportProviderImpl/DefaultRuntimePlugin of DefaultRuntimePlugin [roughlyenoughitems]/"
[18:40:38] [main/TRACE] [REI] [REIPlugin END] Reloading Section: "reloadable-plugin/FluidSupportProviderImpl/DefaultRuntimePlugin of DefaultRuntimePlugin [roughlyenoughitems]/" done in 55.48 μs
[18:40:38] [main/TRACE] [REI] [REIPlugin END] Reloading Section: "reloadable-plugin/FluidSupportProviderImpl/BackpackReiCommonPlugin of BackpackReiCommonPlugin [sophisticatedbackpacks]/"
[18:40:38] [main/TRACE] [REI] [REIPlugin END] Reloading Section: "reloadable-plugin/FluidSupportProviderImpl/BackpackReiCommonPlugin of BackpackReiCommonPlugin [sophisticatedbackpacks]/" done in 45.77 μs
[18:40:38] [main/TRACE] [REI] [REIPlugin END] Reloading Section: "reloadable-plugin/FluidSupportProviderImpl/CoreReiCommonPlugin of CoreReiCommonPlugin [sophisticatedcore]/"
[18:40:38] [main/TRACE] [REI] [REIPlugin END] Reloading Section: "reloadable-plugin/FluidSupportProviderImpl/CoreReiCommonPlugin of CoreReiCommonPlugin [sophisticatedcore]/" done in 53.45 μs
[18:40:38] [main/TRACE] [REI] [REIPlugin END] Reloading Section: "reloadable-plugin/FluidSupportProviderImpl/" done in 674.3 μs
[18:40:38] [main/DEBUG] [REI] ========================================
[18:40:38] [main/DEBUG] [REI] REIPlugin ending main-reload for END.
[18:40:38] [main/DEBUG] [REI] ========================================
[18:40:38] [main/TRACE] [REI] [REIPlugin END] Reloading Section: "end-reload/"
[18:40:38] [main/TRACE] [REI] [REIPlugin END] Reloading Section: "end-reload/EntryTypeRegistryImpl/"
[18:40:38] [main/TRACE] [REI] [REIPlugin END] Reloading Section: "end-reload/EntryTypeRegistryImpl/" done in 71.61 μs
[18:40:38] [main/TRACE] [REI] [REIPlugin END] Reloading Section: "end-reload/EntrySettingsAdapterRegistryImpl/"
[18:40:38] [main/TRACE] [REI] [REIPlugin END] Reloading Section: "end-reload/EntrySettingsAdapterRegistryImpl/" done in 41.92 μs
[18:40:38] [main/TRACE] [REI] [REIPlugin END] Reloading Section: "end-reload/RecipeManagerContextImpl/"
[18:40:38] [main/TRACE] [REI] [REIPlugin END] Reloading Section: "end-reload/RecipeManagerContextImpl/" done in 42.38 μs
[18:40:38] [main/TRACE] [REI] [REIPlugin END] Reloading Section: "end-reload/ItemComparatorRegistryImpl/"
[18:40:38] [main/TRACE] [REI] [REIPlugin END] Reloading Section: "end-reload/ItemComparatorRegistryImpl/" done in 43.84 μs
[18:40:38] [main/TRACE] [REI] [REIPlugin END] Reloading Section: "end-reload/FluidComparatorRegistryImpl/"
[18:40:38] [main/TRACE] [REI] [REIPlugin END] Reloading Section: "end-reload/FluidComparatorRegistryImpl/" done in 45.86 μs
[18:40:38] [main/TRACE] [REI] [REIPlugin END] Reloading Section: "end-reload/DisplaySerializerRegistryImpl/"
[18:40:38] [main/TRACE] [REI] [REIPlugin END] Reloading Section: "end-reload/DisplaySerializerRegistryImpl/" done in 43.10 μs
[18:40:38] [main/TRACE] [REI] [REIPlugin END] Reloading Section: "end-reload/FluidSupportProviderImpl/"
[18:40:38] [main/TRACE] [REI] [REIPlugin END] Reloading Section: "end-reload/FluidSupportProviderImpl/" done in 41.39 μs
[18:40:38] [main/TRACE] [REI] [REIPlugin END] Reloading Section: "end-reload/" done in 1.135 ms
[18:40:38] [main/DEBUG] [REI] ========================================
[18:40:38] [main/DEBUG] [REI] REIPlugin ended main-reload for END in 30.18 ms.
[18:40:38] [main/DEBUG] [REI] ========================================
[18:40:38] [main/INFO] [REI] ----------------------------------------
[18:40:38] [main/INFO] [REI] REIServerPlugin starting main-reload for END.
[18:40:38] [main/DEBUG] [REI] Reloadables (2):
[18:40:38] [main/DEBUG] [REI]  - MenuInfoRegistryImpl
[18:40:38] [main/DEBUG] [REI]  - SlotAccessorRegistryImpl
[18:40:38] [main/INFO] [REI] Plugins (4):
[18:40:38] [main/INFO] [REI]  - (-100.00) DefaultPluginImpl of DefaultPluginImpl [roughlyenoughitems]
[18:40:38] [main/INFO] [REI]  - (0.00) BackpackReiCommonPlugin of BackpackReiCommonPlugin [sophisticatedbackpacks]
[18:40:38] [main/INFO] [REI]  - (0.00) CoreReiCommonPlugin of CoreReiCommonPlugin [sophisticatedcore]
[18:40:38] [main/INFO] [REI]  - (0.00) DefaultRuntimePlugin of DefaultRuntimePlugin [roughlyenoughitems]
[18:40:38] [main/INFO] [REI] ----------------------------------------
[18:40:38] [main/TRACE] [REI] [REIServerPlugin END] Reloading Section: "start-reload/"
[18:40:38] [main/TRACE] [REI] [REIServerPlugin END] Reloading Section: "start-reload/MenuInfoRegistryImpl/"
[18:40:38] [main/TRACE] [REI] [REIServerPlugin END] Reloading Section: "start-reload/MenuInfoRegistryImpl/" done in 51.47 μs
[18:40:38] [main/TRACE] [REI] [REIServerPlugin END] Reloading Section: "start-reload/SlotAccessorRegistryImpl/"
[18:40:38] [main/TRACE] [REI] [REIServerPlugin END] Reloading Section: "start-reload/SlotAccessorRegistryImpl/" done in 47.76 μs
[18:40:38] [main/TRACE] [REI] [REIServerPlugin END] Reloading Section: "start-reload/" done in 352.3 μs
[18:40:38] [main/DEBUG] [REI] ========================================
[18:40:38] [main/DEBUG] [REI] REIServerPlugin started main-reload for END.
[18:40:38] [main/DEBUG] [REI] ========================================
[18:40:38] [main/TRACE] [REI] [REIServerPlugin END] Reloading Section: "reloadable-plugin/MenuInfoRegistryImpl/"
[18:40:38] [main/TRACE] [REI] [REIServerPlugin END] Reloading Section: "reloadable-plugin/MenuInfoRegistryImpl/DefaultPluginImpl of DefaultPluginImpl [roughlyenoughitems]/"
[18:40:38] [main/TRACE] [REI] [REIServerPlugin END] Reloading Section: "reloadable-plugin/MenuInfoRegistryImpl/DefaultPluginImpl of DefaultPluginImpl [roughlyenoughitems]/" done in 55.38 μs
[18:40:38] [main/TRACE] [REI] [REIServerPlugin END] Reloading Section: "reloadable-plugin/MenuInfoRegistryImpl/BackpackReiCommonPlugin of BackpackReiCommonPlugin [sophisticatedbackpacks]/"
[18:40:38] [main/TRACE] [REI] [REIServerPlugin END] Reloading Section: "reloadable-plugin/MenuInfoRegistryImpl/BackpackReiCommonPlugin of BackpackReiCommonPlugin [sophisticatedbackpacks]/" done in 62.87 μs
[18:40:38] [main/TRACE] [REI] [REIServerPlugin END] Reloading Section: "reloadable-plugin/MenuInfoRegistryImpl/CoreReiCommonPlugin of CoreReiCommonPlugin [sophisticatedcore]/"
[18:40:38] [main/TRACE] [REI] [REIServerPlugin END] Reloading Section: "reloadable-plugin/MenuInfoRegistryImpl/CoreReiCommonPlugin of CoreReiCommonPlugin [sophisticatedcore]/" done in 43.27 μs
[18:40:38] [main/TRACE] [REI] [REIServerPlugin END] Reloading Section: "reloadable-plugin/MenuInfoRegistryImpl/DefaultRuntimePlugin of DefaultRuntimePlugin [roughlyenoughitems]/"
[18:40:38] [main/TRACE] [REI] [REIServerPlugin END] Reloading Section: "reloadable-plugin/MenuInfoRegistryImpl/DefaultRuntimePlugin of DefaultRuntimePlugin [roughlyenoughitems]/" done in 69.81 μs
[18:40:38] [main/TRACE] [REI] [REIServerPlugin END] Reloading Section: "reloadable-plugin/MenuInfoRegistryImpl/" done in 607.6 μs
[18:40:38] [main/TRACE] [REI] [REIServerPlugin END] Reloading Section: "reloadable-plugin/SlotAccessorRegistryImpl/"
[18:40:38] [main/TRACE] [REI] [REIServerPlugin END] Reloading Section: "reloadable-plugin/SlotAccessorRegistryImpl/DefaultPluginImpl of DefaultPluginImpl [roughlyenoughitems]/"
[18:40:38] [main/TRACE] [REI] [REIServerPlugin END] Reloading Section: "reloadable-plugin/SlotAccessorRegistryImpl/DefaultPluginImpl of DefaultPluginImpl [roughlyenoughitems]/" done in 52.03 μs
[18:40:38] [main/TRACE] [REI] [REIServerPlugin END] Reloading Section: "reloadable-plugin/SlotAccessorRegistryImpl/BackpackReiCommonPlugin of BackpackReiCommonPlugin [sophisticatedbackpacks]/"
[18:40:38] [main/TRACE] [REI] [REIServerPlugin END] Reloading Section: "reloadable-plugin/SlotAccessorRegistryImpl/BackpackReiCommonPlugin of BackpackReiCommonPlugin [sophisticatedbackpacks]/" done in 43.49 μs
[18:40:38] [main/TRACE] [REI] [REIServerPlugin END] Reloading Section: "reloadable-plugin/SlotAccessorRegistryImpl/CoreReiCommonPlugin of CoreReiCommonPlugin [sophisticatedcore]/"
[18:40:38] [main/DEBUG] [REI] Added slot accessor serializer: net.p3pp3rf1y.sophisticatedcore.compat.recipeviewers.rei.CoreReiCommonPlugin$1@21debaa8 [sophisticatedcore:storage]
[18:40:38] [main/TRACE] [REI] [REIServerPlugin END] Reloading Section: "reloadable-plugin/SlotAccessorRegistryImpl/CoreReiCommonPlugin of CoreReiCommonPlugin [sophisticatedcore]/" done in 1.257 ms
[18:40:38] [main/TRACE] [REI] [REIServerPlugin END] Reloading Section: "reloadable-plugin/SlotAccessorRegistryImpl/DefaultRuntimePlugin of DefaultRuntimePlugin [roughlyenoughitems]/"
[18:40:38] [main/DEBUG] [REI] Added slot accessor serializer: me.shedaniel.rei.plugin.common.runtime.DefaultRuntimePlugin$1@4afe8fd5 [roughlyenoughitems:vanilla]
[18:40:38] [main/DEBUG] [REI] Added slot accessor serializer: me.shedaniel.rei.plugin.common.runtime.DefaultRuntimePlugin$2@6eb96ef3 [roughlyenoughitems:player]
[18:40:38] [main/TRACE] [REI] [REIServerPlugin END] Reloading Section: "reloadable-plugin/SlotAccessorRegistryImpl/DefaultRuntimePlugin of DefaultRuntimePlugin [roughlyenoughitems]/" done in 1.055 ms
[18:40:38] [main/TRACE] [REI] [REIServerPlugin END] Reloading Section: "reloadable-plugin/SlotAccessorRegistryImpl/" done in 2.893 ms
[18:40:38] [main/DEBUG] [REI] ========================================
[18:40:38] [main/DEBUG] [REI] REIServerPlugin ending main-reload for END.
[18:40:38] [main/DEBUG] [REI] ========================================
[18:40:38] [main/TRACE] [REI] [REIServerPlugin END] Reloading Section: "end-reload/"
[18:40:38] [main/TRACE] [REI] [REIServerPlugin END] Reloading Section: "end-reload/MenuInfoRegistryImpl/"
[18:40:38] [main/DEBUG] [REI] Registered 0 menu infos
[18:40:38] [main/TRACE] [REI] [REIServerPlugin END] Reloading Section: "end-reload/MenuInfoRegistryImpl/" done in 155.4 μs
[18:40:38] [main/TRACE] [REI] [REIServerPlugin END] Reloading Section: "end-reload/SlotAccessorRegistryImpl/"
[18:40:38] [main/DEBUG] [REI] Registered 3 slot accessor serializers
[18:40:38] [main/TRACE] [REI] [REIServerPlugin END] Reloading Section: "end-reload/SlotAccessorRegistryImpl/" done in 131.0 μs
[18:40:38] [main/TRACE] [REI] [REIServerPlugin END] Reloading Section: "end-reload/" done in 495.4 μs
[18:40:38] [main/DEBUG] [REI] ========================================
[18:40:38] [main/DEBUG] [REI] REIServerPlugin ended main-reload for END in 7.062 ms.
[18:40:38] [main/DEBUG] [REI] ========================================
[18:40:38] [main/DEBUG] [REI] ========================================
[18:40:38] [main/DEBUG] [REI] REIPlugin starting post-reload for END.
[18:40:38] [main/DEBUG] [REI] Reloadables (7):
[18:40:38] [main/DEBUG] [REI]  - EntryTypeRegistryImpl
[18:40:38] [main/DEBUG] [REI]  - EntrySettingsAdapterRegistryImpl
[18:40:38] [main/DEBUG] [REI]  - RecipeManagerContextImpl
[18:40:38] [main/DEBUG] [REI]  - ItemComparatorRegistryImpl
[18:40:38] [main/DEBUG] [REI]  - FluidComparatorRegistryImpl
[18:40:38] [main/DEBUG] [REI]  - DisplaySerializerRegistryImpl
[18:40:38] [main/DEBUG] [REI]  - FluidSupportProviderImpl
[18:40:38] [main/DEBUG] [REI] Plugins (4):
[18:40:38] [main/DEBUG] [REI]  - (-100.00) DefaultPluginImpl of DefaultPluginImpl [roughlyenoughitems]
[18:40:38] [main/DEBUG] [REI]  - (0.00) DefaultRuntimePlugin of DefaultRuntimePlugin [roughlyenoughitems]
[18:40:38] [main/DEBUG] [REI]  - (0.00) BackpackReiCommonPlugin of BackpackReiCommonPlugin [sophisticatedbackpacks]
[18:40:38] [main/DEBUG] [REI]  - (0.00) CoreReiCommonPlugin of CoreReiCommonPlugin [sophisticatedcore]
[18:40:38] [main/DEBUG] [REI] ========================================
[18:40:38] [main/TRACE] [REI] [REIPlugin END] Reloading Section: "post-register/"
[18:40:38] [main/TRACE] [REI] [REIPlugin END] Reloading Section: "post-register/DefaultPluginImpl of DefaultPluginImpl [roughlyenoughitems]/"
[18:40:38] [main/TRACE] [REI] [REIPlugin END] Reloading Section: "post-register/DefaultPluginImpl of DefaultPluginImpl [roughlyenoughitems]/" done in 42.04 μs
[18:40:38] [main/TRACE] [REI] [REIPlugin END] Reloading Section: "post-register/DefaultRuntimePlugin of DefaultRuntimePlugin [roughlyenoughitems]/"
[18:40:38] [main/TRACE] [REI] [REIPlugin END] Reloading Section: "post-register/DefaultRuntimePlugin of DefaultRuntimePlugin [roughlyenoughitems]/" done in 40.80 μs
[18:40:38] [main/TRACE] [REI] [REIPlugin END] Reloading Section: "post-register/BackpackReiCommonPlugin of BackpackReiCommonPlugin [sophisticatedbackpacks]/"
[18:40:38] [main/TRACE] [REI] [REIPlugin END] Reloading Section: "post-register/BackpackReiCommonPlugin of BackpackReiCommonPlugin [sophisticatedbackpacks]/" done in 39.40 μs
[18:40:38] [main/TRACE] [REI] [REIPlugin END] Reloading Section: "post-register/CoreReiCommonPlugin of CoreReiCommonPlugin [sophisticatedcore]/"
[18:40:38] [main/TRACE] [REI] [REIPlugin END] Reloading Section: "post-register/CoreReiCommonPlugin of CoreReiCommonPlugin [sophisticatedcore]/" done in 49.82 μs
[18:40:38] [main/TRACE] [REI] [REIPlugin END] Reloading Section: "post-register/" done in 532.7 μs
[18:40:38] [main/TRACE] [REI] [REIPlugin END] Reloading Section: "post-stage/"
[18:40:38] [main/TRACE] [REI] [REIPlugin END] Reloading Section: "post-stage/EntryTypeRegistryImpl/"
[18:40:38] [main/TRACE] [REI] [REIPlugin END] Reloading Section: "post-stage/EntryTypeRegistryImpl/" done in 45.33 μs
[18:40:38] [main/TRACE] [REI] [REIPlugin END] Reloading Section: "post-stage/EntrySettingsAdapterRegistryImpl/"
[18:40:38] [main/TRACE] [REI] [REIPlugin END] Reloading Section: "post-stage/EntrySettingsAdapterRegistryImpl/" done in 39.42 μs
[18:40:38] [main/TRACE] [REI] [REIPlugin END] Reloading Section: "post-stage/RecipeManagerContextImpl/"
[18:40:38] [main/TRACE] [REI] [REIPlugin END] Reloading Section: "post-stage/RecipeManagerContextImpl/" done in 37.61 μs
[18:40:38] [main/TRACE] [REI] [REIPlugin END] Reloading Section: "post-stage/ItemComparatorRegistryImpl/"
[18:40:38] [main/TRACE] [REI] [REIPlugin END] Reloading Section: "post-stage/ItemComparatorRegistryImpl/" done in 37.38 μs
[18:40:38] [main/TRACE] [REI] [REIPlugin END] Reloading Section: "post-stage/FluidComparatorRegistryImpl/"
[18:40:38] [main/TRACE] [REI] [REIPlugin END] Reloading Section: "post-stage/FluidComparatorRegistryImpl/" done in 36.27 μs
[18:40:38] [main/TRACE] [REI] [REIPlugin END] Reloading Section: "post-stage/DisplaySerializerRegistryImpl/"
[18:40:38] [main/TRACE] [REI] [REIPlugin END] Reloading Section: "post-stage/DisplaySerializerRegistryImpl/" done in 37.38 μs
[18:40:38] [main/TRACE] [REI] [REIPlugin END] Reloading Section: "post-stage/FluidSupportProviderImpl/"
[18:40:38] [main/TRACE] [REI] [REIPlugin END] Reloading Section: "post-stage/FluidSupportProviderImpl/" done in 36.63 μs
[18:40:38] [main/TRACE] [REI] [REIPlugin END] Reloading Section: "post-stage/" done in 837.4 μs
[18:40:38] [main/DEBUG] [REI] ========================================
[18:40:38] [main/INFO] [REI] REIPlugin finished post-reload for END in 1.533 ms, totaling 33.38 ms.
[18:40:38] [main/DEBUG] [REI] ========================================
[18:40:38] [main/DEBUG] [REI] ========================================
[18:40:38] [main/DEBUG] [REI] REIServerPlugin starting post-reload for END.
[18:40:38] [main/DEBUG] [REI] Reloadables (2):
[18:40:38] [main/DEBUG] [REI]  - MenuInfoRegistryImpl
[18:40:38] [main/DEBUG] [REI]  - SlotAccessorRegistryImpl
[18:40:38] [main/DEBUG] [REI] Plugins (4):
[18:40:38] [main/DEBUG] [REI]  - (-100.00) DefaultPluginImpl of DefaultPluginImpl [roughlyenoughitems]
[18:40:38] [main/DEBUG] [REI]  - (0.00) BackpackReiCommonPlugin of BackpackReiCommonPlugin [sophisticatedbackpacks]
[18:40:38] [main/DEBUG] [REI]  - (0.00) CoreReiCommonPlugin of CoreReiCommonPlugin [sophisticatedcore]
[18:40:38] [main/DEBUG] [REI]  - (0.00) DefaultRuntimePlugin of DefaultRuntimePlugin [roughlyenoughitems]
[18:40:38] [main/DEBUG] [REI] ========================================
[18:40:38] [main/TRACE] [REI] [REIServerPlugin END] Reloading Section: "post-register/"
[18:40:38] [main/TRACE] [REI] [REIServerPlugin END] Reloading Section: "post-register/DefaultPluginImpl of DefaultPluginImpl [roughlyenoughitems]/"
[18:40:38] [main/TRACE] [REI] [REIServerPlugin END] Reloading Section: "post-register/DefaultPluginImpl of DefaultPluginImpl [roughlyenoughitems]/" done in 24.34 μs
[18:40:38] [main/TRACE] [REI] [REIServerPlugin END] Reloading Section: "post-register/BackpackReiCommonPlugin of BackpackReiCommonPlugin [sophisticatedbackpacks]/"
[18:40:38] [main/TRACE] [REI] [REIServerPlugin END] Reloading Section: "post-register/BackpackReiCommonPlugin of BackpackReiCommonPlugin [sophisticatedbackpacks]/" done in 22.66 μs
[18:40:38] [main/TRACE] [REI] [REIServerPlugin END] Reloading Section: "post-register/CoreReiCommonPlugin of CoreReiCommonPlugin [sophisticatedcore]/"
[18:40:38] [main/TRACE] [REI] [REIServerPlugin END] Reloading Section: "post-register/CoreReiCommonPlugin of CoreReiCommonPlugin [sophisticatedcore]/" done in 31.48 μs
[18:40:38] [main/TRACE] [REI] [REIServerPlugin END] Reloading Section: "post-register/DefaultRuntimePlugin of DefaultRuntimePlugin [roughlyenoughitems]/"
[18:40:38] [main/TRACE] [REI] [REIServerPlugin END] Reloading Section: "post-register/DefaultRuntimePlugin of DefaultRuntimePlugin [roughlyenoughitems]/" done in 22.45 μs
[18:40:38] [main/TRACE] [REI] [REIServerPlugin END] Reloading Section: "post-register/" done in 327.7 μs
[18:40:38] [main/TRACE] [REI] [REIServerPlugin END] Reloading Section: "post-stage/"
[18:40:38] [main/TRACE] [REI] [REIServerPlugin END] Reloading Section: "post-stage/MenuInfoRegistryImpl/"
[18:40:38] [main/TRACE] [REI] [REIServerPlugin END] Reloading Section: "post-stage/MenuInfoRegistryImpl/" done in 19.53 μs
[18:40:38] [main/TRACE] [REI] [REIServerPlugin END] Reloading Section: "post-stage/SlotAccessorRegistryImpl/"
[18:40:38] [main/TRACE] [REI] [REIServerPlugin END] Reloading Section: "post-stage/SlotAccessorRegistryImpl/" done in 21.35 μs
[18:40:38] [main/TRACE] [REI] [REIServerPlugin END] Reloading Section: "post-stage/" done in 154.8 μs
[18:40:38] [main/DEBUG] [REI] ========================================
[18:40:38] [main/INFO] [REI] REIServerPlugin finished post-reload for END in 579.5 μs, totaling 8.670 ms.
[18:40:38] [main/DEBUG] [REI] ========================================
